{"numFailedTestSuites":1,"numFailedTests":9,"numPassedTestSuites":0,"numPassedTests":9,"numPendingTestSuites":0,"numPendingTests":0,"numRuntimeErrorTestSuites":0,"numTodoTests":0,"numTotalTestSuites":1,"numTotalTests":18,"openHandles":[],"snapshot":{"added":0,"didUpdate":false,"failure":false,"filesAdded":0,"filesRemoved":0,"filesRemovedList":[],"filesUnmatched":0,"filesUpdated":0,"matched":0,"total":0,"unchecked":0,"uncheckedKeysByFile":[],"unmatched":0,"updated":0},"startTime":1781765644600,"success":false,"testResults":[{"assertionResults":[{"ancestorTitles":["HistoryPage — Rendering"],"failureMessages":["TestingLibraryElementError: Unable to find an element with the text: history. This could be because the text is broken up by multiple elements. In this case, you can provide a function for your text matcher to make your matcher more flexible.\n\nIgnored nodes: comments, script, style\n\u001b[36m<body>\u001b[39m\n  \u001b[36m<div>\u001b[39m\n    \u001b[36m<div\u001b[39m\n      \u001b[33mclass\u001b[39m=\u001b[32m\"w-full relative animate-in fade-in pb-20 bg-slate-50 dark:bg-black\"\u001b[39m\n    \u001b[36m>\u001b[39m\n      \u001b[36m<div\u001b[39m\n        \u001b[33mclass\u001b[39m=\u001b[32m\"sticky top-0 z-[50] w-full pt-2 px-2 md:max-w-4xl lg:max-w-5xl md:mx-auto\"\u001b[39m\n      \u001b[36m>\u001b[39m\n        \u001b[36m<div\u001b[39m\n          \u001b[33mclass\u001b[39m=\u001b[32m\"relative overflow-hidden glass-premium rounded-2xl p-3 shadow-2xl transition-all duration-300\"\u001b[39m\n        \u001b[36m>\u001b[39m\n          \u001b[36m<div\u001b[39m\n            \u001b[33mclass\u001b[39m=\u001b[32m\"absolute -inset-1 bg-gradient-to-r from-emerald-500/20 to-rose-500/20 blur-xl opacity-50\"\u001b[39m\n          \u001b[36m/>\u001b[39m\n          \u001b[36m<div\u001b[39m\n            \u001b[33mclass\u001b[39m=\u001b[32m\"flex gap-2 items-center relative z-10\"\u001b[39m\n          \u001b[36m>\u001b[39m\n            \u001b[36m<div\u001b[39m\n              \u001b[33mclass\u001b[39m=\u001b[32m\"relative flex-1 glass-premium rounded-xl shadow-sm\"\u001b[39m\n            \u001b[36m>\u001b[39m\n              \u001b[36m<svg\u001b[39m\n                \u001b[33maria-hidden\u001b[39m=\u001b[32m\"true\"\u001b[39m\n                \u001b[33mclass\u001b[39m=\u001b[32m\"lucide lucide-search absolute left-3 top-1/2 -translate-y-1/2 w-4 h-4 text-slate-400\"\u001b[39m\n                \u001b[33mfill\u001b[39m=\u001b[32m\"none\"\u001b[39m\n                \u001b[33mheight\u001b[39m=\u001b[32m\"24\"\u001b[39m\n                \u001b[33mstroke\u001b[39m=\u001b[32m\"currentColor\"\u001b[39m\n                \u001b[33mstroke-linecap\u001b[39m=\u001b[32m\"round\"\u001b[39m\n                \u001b[33mstroke-linejoin\u001b[39m=\u001b[32m\"round\"\u001b[39m\n                \u001b[33mstroke-width\u001b[39m=\u001b[32m\"2\"\u001b[39m\n                \u001b[33mviewBox\u001b[39m=\u001b[32m\"0 0 24 24\"\u001b[39m\n                \u001b[33mwidth\u001b[39m=\u001b[32m\"24\"\u001b[39m\n                \u001b[33mxmlns\u001b[39m=\u001b[32m\"http://www.w3.org/2000/svg\"\u001b[39m\n              \u001b[36m>\u001b[39m\n                \u001b[36m<path\u001b[39m\n                  \u001b[33md\u001b[39m=\u001b[32m\"m21 21-4.34-4.34\"\u001b[39m\n                \u001b[36m/>\u001b[39m\n                \u001b[36m<circle\u001b[39m\n                  \u001b[33mcx\u001b[39m=\u001b[32m\"11\"\u001b[39m\n                  \u001b[33mcy\u001b[39m=\u001b[32m\"11\"\u001b[39m\n                  \u001b[33mr\u001b[39m=\u001b[32m\"8\"\u001b[39m\n                \u001b[36m/>\u001b[39m\n              \u001b[36m</svg>\u001b[39m\n              \u001b[36m<input\u001b[39m\n                \u001b[33mclass\u001b[39m=\u001b[32m\"w-full bg-transparent pl-9 pr-8 py-2.5 text-sm text-slate-900 dark:text-white focus:outline-none placeholder:text-slate-400 dark:placeholder:text-slate-500 rounded-xl\"\u001b[39m\n                \u001b[33mplaceholder\u001b[39m=\u001b[32m\"search\"\u001b[39m\n                \u001b[33mtype\u001b[39m=\u001b[32m\"text\"\u001b[39m\n                \u001b[33mvalue\u001b[39m=\u001b[32m\"\"\u001b[39m\n              \u001b[36m/>\u001b[39m\n            \u001b[36m</div>\u001b[39m\n            \u001b[36m<button\u001b[39m\n              \u001b[33mclass\u001b[39m=\u001b[32m\"p-2.5 rounded-xl glass-premium transition-colors shadow-sm text-slate-500 dark:text-slate-400\"\u001b[39m\n            \u001b[36m>\u001b[39m\n              \u001b[36m<svg\u001b[39m\n                \u001b[33maria-hidden\u001b[39m=\u001b[32m\"true\"\u001b[39m\n                \u001b[33mclass\u001b[39m=\u001b[32m\"lucide lucide-funnel w-5 h-5\"\u001b[39m\n                \u001b[33mfill\u001b[39m=\u001b[32m\"none\"\u001b[39m\n                \u001b[33mheight\u001b[39m=\u001b[32m\"24\"\u001b[39m\n                \u001b[33mstroke\u001b[39m=\u001b[32m\"currentColor\"\u001b[39m\n                \u001b[33mstroke-linecap\u001b[39m=\u001b[32m\"round\"\u001b[39m\n                \u001b[33mstroke-linejoin\u001b[39m=\u001b[32m\"round\"\u001b[39m\n                \u001b[33mstroke-width\u001b[39m=\u001b[32m\"2\"\u001b[39m\n                \u001b[33mviewBox\u001b[39m=\u001b[32m\"0 0 24 24\"\u001b[39m\n                \u001b[33mwidth\u001b[39m=\u001b[32m\"24\"\u001b[39m\n                \u001b[33mxmlns\u001b[39m=\u001b[32m\"http://www.w3.org/2000/svg\"\u001b[39m\n              \u001b[36m>\u001b[39m\n                \u001b[36m<path\u001b[39m\n                  \u001b[33md\u001b[39m=\u001b[32m\"M10 20a1 1 0 0 0 .553.895l2 1A1 1 0 0 0 14 21v-7a2 2 0 0 1 .517-1.341L21.74 4.67A1 1 0 0 0 21 3H3a1 1 0 0 0-.742 1.67l7.225 7.989A2 2 0 0 1 10 14z\"\u001b[39m\n                \u001b[36m/>\u001b[39m\n              \u001b[36m</svg>\u001b[39m\n            \u001b[36m</button>\u001b[39m\n          \u001b[36m</div>\u001b[39m\n          \u001b[36m<div\u001b[39m\n            \u001b[33mclass\u001b[39m=\u001b[32m\"flex items-center justify-between text-[10px] sm:text-xs text-slate-500 pt-2 mt-2 border-t border-white/10 w-full overflow-x-auto [&::-webkit-scrollbar]:hidden [-ms-overflow-style:none] [scrollbar-width:none]\"\u001b[39m\n          \u001b[36m>\u001b[39m\n            \u001b[36m<span\u001b[39m\n              \u001b[33mclass\u001b[39m=\u001b[32m\"whitespace-nowrap mr-3\"\u001b[39m\n            \u001b[36m>\u001b[39m\n              \u001b[0m3\u001b[0m\n              \u001b[0m entry\u001b[0m\n              \u001b[0ms\u001b[0m\n            \u001b[36m</span>\u001b[39m\n            \u001b[36m<div\u001b[39m\n              \u001b[33mclass\u001b[39m=\u001b[32m\"flex gap-2 sm:gap-3 whitespace-nowrap\"\u001b[39m\n            \u001b[36m>\u001b[39m\n              \u001b[36m<span\u001b[39m\n                \u001b[33mclass\u001b[39m=\u001b[32m\"text-emerald-600 font-semibold\"\u001b[39m\n              \u001b[36m>\u001b[39m\n                \u001b[0m+\u001b[0m\n                \u001b[0m₹3,000\u001b[0m\n              \u001b[36m</span>\u001b[39m\n              \u001b[36m<span\u001b[39m\n                \u001b[33mclass\u001b[39m=\u001b[32m\"text-rose-600 font-semibold\"\u001b[39m\n              \u001b[36m>\u001b[39m\n                \u001b[0m−\u001b[0m\n                \u001b[0m₹1,700\u001b[0m\n              \u001b[36m</span>\u001b[39m\n              \u001b[36m<span\u001b[39m\n                \u001b[33mclass\u001b[39m=\u001b[32m\"font-bold text-emerald-600\"\u001b[39m\n              \u001b[36m>\u001b[39m\n                \u001b[0mNet \u001b[0m\n                \u001b[0m₹1,300\u001b[0m\n              \u001b[36m</span>\u001b[39m\n            \u001b[36m</div>\u001b[39m\n          \u001b[36m</div>\u001b[39m\n        \u001b[36m</div>\u001b[39m\n      \u001b[36m</div>\u001b[39m\n      \u001b[36m<div\u001b[39m\n        \u001b[33mclass\u001b[39m=\u001b[32m\"w-full space-y-3 p-4 bg-slate-50 dark:bg-black\"\u001b[39m\n      \u001b[36m>\u001b[39m\n        \u001b[36m<div\u001b[39m\n          \u001b[33mclass\u001b[39m=\u001b[32m\"p-2 md:p-3 min-h-[40vh] mt-4\"\u001b[39m\n        \u001b[36m>\u001b[39m\n          \u001b[36m<div\u001b[39m\n            \u001b[33mclass\u001b[39m=\u001b[32m\"flex flex-col space-y-2 pb-16\"\u001b[39m\n          \u001b[36m>\u001b[39m\n            \u001b[36m<div\u001b[39m\n              \u001b[33mclass\u001b[39m=\u001b[32m\"p-4 premium-card border-l-4 rounded-xl flex items-center justify-between gap-3 transition-colors duration-300 hover:shadow-lg cursor-pointer active:scale-[0.98] border-l-rose-500 \"\u001b[39m\n            \u001b[36m>\u001b[39m\n              \u001b[36m<div\u001b[39m\n                \u001b[33mclass\u001b[39m=\u001b[32m\"w-9 h-9 rounded-full border flex-shrink-0 flex items-center justify-center transition-all bg-rose-50 border-rose-200\"\u001b[39m\n              \u001b[36m>\u001b[39m\n                \u001b[36m<svg\u001b[39m\n                  \u001b[33maria-hidden\u001b[39m=\u001b[32m\"true\"\u001b[39m\n                  \u001b[33mclass\u001b[39m=\u001b[32m\"lucide lucide-trending-down w-4 h-4 text-rose-600\"\u001b[39m\n                  \u001b[33mfill\u001b[39m=\u001b[32m\"none\"\u001b[39m\n                  \u001b[33mheight\u001b[39m=\u001b[32m\"24\"\u001b[39m\n                  \u001b[33mstroke\u001b[39m=\u001b[32m\"currentColor\"\u001b[39m\n                  \u001b[33mstroke-linecap\u001b[39m=\u001b[32m\"round\"\u001b[39m\n                  \u001b[33mstroke-linejoin\u001b[39m=\u001b[32m\"round\"\u001b[39m\n                  \u001b[33mstroke-width\u001b[39m=\u001b[32m\"2\"\u001b[39m\n                  \u001b[33mviewBox\u001b[39m=\u001b[32m\"0 0 24 24\"\u001b[39m\n                  \u001b[33mwidth\u001b[39m=\u001b[32m\"24\"\u001b[39m\n                  \u001b[33mxmlns\u001b[39m=\u001b[32m\"http://www.w3.org/2000/svg\"\u001b[39m\n                \u001b[36m>\u001b[39m\n                  \u001b[36m<path\u001b[39m\n                    \u001b[33md\u001b[39m=\u001b[32m\"M16 17h6v-6\"\u001b[39m\n                  \u001b[36m/>\u001b[39m\n                  \u001b[36m<path\u001b[39m\n                    \u001b[33md\u001b[39m=\u001b[32m\"m22 17-8.5-8.5-5 5L2 7\"\u001b[39m\n                  \u001b[36m/>\u001b[39m\n                \u001b[36m</svg>\u001b[39m\n              \u001b[36m</div>\u001b[39m\n             ...\n    at Object.getElementError (D:\\project\\ET 3.0\\Expense-tracker-2\\node_modules\\@testing-library\\dom\\dist\\config.js:37:19)\n    at D:\\project\\ET 3.0\\Expense-tracker-2\\node_modules\\@testing-library\\dom\\dist\\query-helpers.js:76:38\n    at D:\\project\\ET 3.0\\Expense-tracker-2\\node_modules\\@testing-library\\dom\\dist\\query-helpers.js:52:17\n    at getByText (D:\\project\\ET 3.0\\Expense-tracker-2\\node_modules\\@testing-library\\dom\\dist\\query-helpers.js:95:19)\n    at Object.<anonymous> (D:\\project\\ET 3.0\\Expense-tracker-2\\src\\pages\\HistoryPage.test.js:58:19)\n    at Promise.then.completed (D:\\project\\ET 3.0\\Expense-tracker-2\\node_modules\\jest-circus\\build\\utils.js:391:28)\n    at new Promise (<anonymous>)\n    at callAsyncCircusFn (D:\\project\\ET 3.0\\Expense-tracker-2\\node_modules\\jest-circus\\build\\utils.js:316:10)\n    at _callCircusTest (D:\\project\\ET 3.0\\Expense-tracker-2\\node_modules\\jest-circus\\build\\run.js:218:40)\n    at _runTest (D:\\project\\ET 3.0\\Expense-tracker-2\\node_modules\\jest-circus\\build\\run.js:155:3)\n    at _runTestsForDescribeBlock (D:\\project\\ET 3.0\\Expense-tracker-2\\node_modules\\jest-circus\\build\\run.js:66:9)\n    at _runTestsForDescribeBlock (D:\\project\\ET 3.0\\Expense-tracker-2\\node_modules\\jest-circus\\build\\run.js:60:9)\n    at run (D:\\project\\ET 3.0\\Expense-tracker-2\\node_modules\\jest-circus\\build\\run.js:25:3)\n    at runAndTransformResultsToJestFormat (D:\\project\\ET 3.0\\Expense-tracker-2\\node_modules\\jest-circus\\build\\legacy-code-todo-rewrite\\jestAdapterInit.js:170:21)\n    at jestAdapter (D:\\project\\ET 3.0\\Expense-tracker-2\\node_modules\\jest-circus\\build\\legacy-code-todo-rewrite\\jestAdapter.js:82:19)\n    at runTestInternal (D:\\project\\ET 3.0\\Expense-tracker-2\\node_modules\\jest-runner\\build\\runTest.js:389:16)\n    at runTest (D:\\project\\ET 3.0\\Expense-tracker-2\\node_modules\\jest-runner\\build\\runTest.js:475:34)\n    at TestRunner.runTests (D:\\project\\ET 3.0\\Expense-tracker-2\\node_modules\\jest-runner\\build\\index.js:101:12)\n    at TestScheduler.scheduleTests (D:\\project\\ET 3.0\\Expense-tracker-2\\node_modules\\@jest\\core\\build\\TestScheduler.js:333:13)\n    at runJest (D:\\project\\ET 3.0\\Expense-tracker-2\\node_modules\\@jest\\core\\build\\runJest.js:404:19)\n    at _run10000 (D:\\project\\ET 3.0\\Expense-tracker-2\\node_modules\\@jest\\core\\build\\cli\\index.js:320:7)\n    at runCLI (D:\\project\\ET 3.0\\Expense-tracker-2\\node_modules\\@jest\\core\\build\\cli\\index.js:173:3)\n    at Object.run (D:\\project\\ET 3.0\\Expense-tracker-2\\node_modules\\jest-cli\\build\\cli\\index.js:155:37)"],"fullName":"HistoryPage — Rendering renders the history heading","location":null,"status":"failed","title":"renders the history heading"},{"ancestorTitles":["HistoryPage — Rendering"],"failureMessages":["TestingLibraryElementError: Unable to find an element with the text: Morning sales. This could be because the text is broken up by multiple elements. In this case, you can provide a function for your text matcher to make your matcher more flexible.\n\nIgnored nodes: comments, script, style\n\u001b[36m<body>\u001b[39m\n  \u001b[36m<div>\u001b[39m\n    \u001b[36m<div\u001b[39m\n      \u001b[33mclass\u001b[39m=\u001b[32m\"w-full relative animate-in fade-in pb-20 bg-slate-50 dark:bg-black\"\u001b[39m\n    \u001b[36m>\u001b[39m\n      \u001b[36m<div\u001b[39m\n        \u001b[33mclass\u001b[39m=\u001b[32m\"sticky top-0 z-[50] w-full pt-2 px-2 md:max-w-4xl lg:max-w-5xl md:mx-auto\"\u001b[39m\n      \u001b[36m>\u001b[39m\n        \u001b[36m<div\u001b[39m\n          \u001b[33mclass\u001b[39m=\u001b[32m\"relative overflow-hidden glass-premium rounded-2xl p-3 shadow-2xl transition-all duration-300\"\u001b[39m\n        \u001b[36m>\u001b[39m\n          \u001b[36m<div\u001b[39m\n            \u001b[33mclass\u001b[39m=\u001b[32m\"absolute -inset-1 bg-gradient-to-r from-emerald-500/20 to-rose-500/20 blur-xl opacity-50\"\u001b[39m\n          \u001b[36m/>\u001b[39m\n          \u001b[36m<div\u001b[39m\n            \u001b[33mclass\u001b[39m=\u001b[32m\"flex gap-2 items-center relative z-10\"\u001b[39m\n          \u001b[36m>\u001b[39m\n            \u001b[36m<div\u001b[39m\n              \u001b[33mclass\u001b[39m=\u001b[32m\"relative flex-1 glass-premium rounded-xl shadow-sm\"\u001b[39m\n            \u001b[36m>\u001b[39m\n              \u001b[36m<svg\u001b[39m\n                \u001b[33maria-hidden\u001b[39m=\u001b[32m\"true\"\u001b[39m\n                \u001b[33mclass\u001b[39m=\u001b[32m\"lucide lucide-search absolute left-3 top-1/2 -translate-y-1/2 w-4 h-4 text-slate-400\"\u001b[39m\n                \u001b[33mfill\u001b[39m=\u001b[32m\"none\"\u001b[39m\n                \u001b[33mheight\u001b[39m=\u001b[32m\"24\"\u001b[39m\n                \u001b[33mstroke\u001b[39m=\u001b[32m\"currentColor\"\u001b[39m\n                \u001b[33mstroke-linecap\u001b[39m=\u001b[32m\"round\"\u001b[39m\n                \u001b[33mstroke-linejoin\u001b[39m=\u001b[32m\"round\"\u001b[39m\n                \u001b[33mstroke-width\u001b[39m=\u001b[32m\"2\"\u001b[39m\n                \u001b[33mviewBox\u001b[39m=\u001b[32m\"0 0 24 24\"\u001b[39m\n                \u001b[33mwidth\u001b[39m=\u001b[32m\"24\"\u001b[39m\n                \u001b[33mxmlns\u001b[39m=\u001b[32m\"http://www.w3.org/2000/svg\"\u001b[39m\n              \u001b[36m>\u001b[39m\n                \u001b[36m<path\u001b[39m\n                  \u001b[33md\u001b[39m=\u001b[32m\"m21 21-4.34-4.34\"\u001b[39m\n                \u001b[36m/>\u001b[39m\n                \u001b[36m<circle\u001b[39m\n                  \u001b[33mcx\u001b[39m=\u001b[32m\"11\"\u001b[39m\n                  \u001b[33mcy\u001b[39m=\u001b[32m\"11\"\u001b[39m\n                  \u001b[33mr\u001b[39m=\u001b[32m\"8\"\u001b[39m\n                \u001b[36m/>\u001b[39m\n              \u001b[36m</svg>\u001b[39m\n              \u001b[36m<input\u001b[39m\n                \u001b[33mclass\u001b[39m=\u001b[32m\"w-full bg-transparent pl-9 pr-8 py-2.5 text-sm text-slate-900 dark:text-white focus:outline-none placeholder:text-slate-400 dark:placeholder:text-slate-500 rounded-xl\"\u001b[39m\n                \u001b[33mplaceholder\u001b[39m=\u001b[32m\"search\"\u001b[39m\n                \u001b[33mtype\u001b[39m=\u001b[32m\"text\"\u001b[39m\n                \u001b[33mvalue\u001b[39m=\u001b[32m\"\"\u001b[39m\n              \u001b[36m/>\u001b[39m\n            \u001b[36m</div>\u001b[39m\n            \u001b[36m<button\u001b[39m\n              \u001b[33mclass\u001b[39m=\u001b[32m\"p-2.5 rounded-xl glass-premium transition-colors shadow-sm text-slate-500 dark:text-slate-400\"\u001b[39m\n            \u001b[36m>\u001b[39m\n              \u001b[36m<svg\u001b[39m\n                \u001b[33maria-hidden\u001b[39m=\u001b[32m\"true\"\u001b[39m\n                \u001b[33mclass\u001b[39m=\u001b[32m\"lucide lucide-funnel w-5 h-5\"\u001b[39m\n                \u001b[33mfill\u001b[39m=\u001b[32m\"none\"\u001b[39m\n                \u001b[33mheight\u001b[39m=\u001b[32m\"24\"\u001b[39m\n                \u001b[33mstroke\u001b[39m=\u001b[32m\"currentColor\"\u001b[39m\n                \u001b[33mstroke-linecap\u001b[39m=\u001b[32m\"round\"\u001b[39m\n                \u001b[33mstroke-linejoin\u001b[39m=\u001b[32m\"round\"\u001b[39m\n                \u001b[33mstroke-width\u001b[39m=\u001b[32m\"2\"\u001b[39m\n                \u001b[33mviewBox\u001b[39m=\u001b[32m\"0 0 24 24\"\u001b[39m\n                \u001b[33mwidth\u001b[39m=\u001b[32m\"24\"\u001b[39m\n                \u001b[33mxmlns\u001b[39m=\u001b[32m\"http://www.w3.org/2000/svg\"\u001b[39m\n              \u001b[36m>\u001b[39m\n                \u001b[36m<path\u001b[39m\n                  \u001b[33md\u001b[39m=\u001b[32m\"M10 20a1 1 0 0 0 .553.895l2 1A1 1 0 0 0 14 21v-7a2 2 0 0 1 .517-1.341L21.74 4.67A1 1 0 0 0 21 3H3a1 1 0 0 0-.742 1.67l7.225 7.989A2 2 0 0 1 10 14z\"\u001b[39m\n                \u001b[36m/>\u001b[39m\n              \u001b[36m</svg>\u001b[39m\n            \u001b[36m</button>\u001b[39m\n          \u001b[36m</div>\u001b[39m\n          \u001b[36m<div\u001b[39m\n            \u001b[33mclass\u001b[39m=\u001b[32m\"flex items-center justify-between text-[10px] sm:text-xs text-slate-500 pt-2 mt-2 border-t border-white/10 w-full overflow-x-auto [&::-webkit-scrollbar]:hidden [-ms-overflow-style:none] [scrollbar-width:none]\"\u001b[39m\n          \u001b[36m>\u001b[39m\n            \u001b[36m<span\u001b[39m\n              \u001b[33mclass\u001b[39m=\u001b[32m\"whitespace-nowrap mr-3\"\u001b[39m\n            \u001b[36m>\u001b[39m\n              \u001b[0m3\u001b[0m\n              \u001b[0m entry\u001b[0m\n              \u001b[0ms\u001b[0m\n            \u001b[36m</span>\u001b[39m\n            \u001b[36m<div\u001b[39m\n              \u001b[33mclass\u001b[39m=\u001b[32m\"flex gap-2 sm:gap-3 whitespace-nowrap\"\u001b[39m\n            \u001b[36m>\u001b[39m\n              \u001b[36m<span\u001b[39m\n                \u001b[33mclass\u001b[39m=\u001b[32m\"text-emerald-600 font-semibold\"\u001b[39m\n              \u001b[36m>\u001b[39m\n                \u001b[0m+\u001b[0m\n                \u001b[0m₹3,000\u001b[0m\n              \u001b[36m</span>\u001b[39m\n              \u001b[36m<span\u001b[39m\n                \u001b[33mclass\u001b[39m=\u001b[32m\"text-rose-600 font-semibold\"\u001b[39m\n              \u001b[36m>\u001b[39m\n                \u001b[0m−\u001b[0m\n                \u001b[0m₹1,700\u001b[0m\n              \u001b[36m</span>\u001b[39m\n              \u001b[36m<span\u001b[39m\n                \u001b[33mclass\u001b[39m=\u001b[32m\"font-bold text-emerald-600\"\u001b[39m\n              \u001b[36m>\u001b[39m\n                \u001b[0mNet \u001b[0m\n                \u001b[0m₹1,300\u001b[0m\n              \u001b[36m</span>\u001b[39m\n            \u001b[36m</div>\u001b[39m\n          \u001b[36m</div>\u001b[39m\n        \u001b[36m</div>\u001b[39m\n      \u001b[36m</div>\u001b[39m\n      \u001b[36m<div\u001b[39m\n        \u001b[33mclass\u001b[39m=\u001b[32m\"w-full space-y-3 p-4 bg-slate-50 dark:bg-black\"\u001b[39m\n      \u001b[36m>\u001b[39m\n        \u001b[36m<div\u001b[39m\n          \u001b[33mclass\u001b[39m=\u001b[32m\"p-2 md:p-3 min-h-[40vh] mt-4\"\u001b[39m\n        \u001b[36m>\u001b[39m\n          \u001b[36m<div\u001b[39m\n            \u001b[33mclass\u001b[39m=\u001b[32m\"flex flex-col space-y-2 pb-16\"\u001b[39m\n          \u001b[36m>\u001b[39m\n            \u001b[36m<div\u001b[39m\n              \u001b[33mclass\u001b[39m=\u001b[32m\"p-4 premium-card border-l-4 rounded-xl flex items-center justify-between gap-3 transition-colors duration-300 hover:shadow-lg cursor-pointer active:scale-[0.98] border-l-rose-500 \"\u001b[39m\n            \u001b[36m>\u001b[39m\n              \u001b[36m<div\u001b[39m\n                \u001b[33mclass\u001b[39m=\u001b[32m\"w-9 h-9 rounded-full border flex-shrink-0 flex items-center justify-center transition-all bg-rose-50 border-rose-200\"\u001b[39m\n              \u001b[36m>\u001b[39m\n                \u001b[36m<svg\u001b[39m\n                  \u001b[33maria-hidden\u001b[39m=\u001b[32m\"true\"\u001b[39m\n                  \u001b[33mclass\u001b[39m=\u001b[32m\"lucide lucide-trending-down w-4 h-4 text-rose-600\"\u001b[39m\n                  \u001b[33mfill\u001b[39m=\u001b[32m\"none\"\u001b[39m\n                  \u001b[33mheight\u001b[39m=\u001b[32m\"24\"\u001b[39m\n                  \u001b[33mstroke\u001b[39m=\u001b[32m\"currentColor\"\u001b[39m\n                  \u001b[33mstroke-linecap\u001b[39m=\u001b[32m\"round\"\u001b[39m\n                  \u001b[33mstroke-linejoin\u001b[39m=\u001b[32m\"round\"\u001b[39m\n                  \u001b[33mstroke-width\u001b[39m=\u001b[32m\"2\"\u001b[39m\n                  \u001b[33mviewBox\u001b[39m=\u001b[32m\"0 0 24 24\"\u001b[39m\n                  \u001b[33mwidth\u001b[39m=\u001b[32m\"24\"\u001b[39m\n                  \u001b[33mxmlns\u001b[39m=\u001b[32m\"http://www.w3.org/2000/svg\"\u001b[39m\n                \u001b[36m>\u001b[39m\n                  \u001b[36m<path\u001b[39m\n                    \u001b[33md\u001b[39m=\u001b[32m\"M16 17h6v-6\"\u001b[39m\n                  \u001b[36m/>\u001b[39m\n                  \u001b[36m<path\u001b[39m\n                    \u001b[33md\u001b[39m=\u001b[32m\"m22 17-8.5-8.5-5 5L2 7\"\u001b[39m\n                  \u001b[36m/>\u001b[39m\n                \u001b[36m</svg>\u001b[39m\n              \u001b[36m</div>\u001b[39m\n             ...\n    at Object.getElementError (D:\\project\\ET 3.0\\Expense-tracker-2\\node_modules\\@testing-library\\dom\\dist\\config.js:37:19)\n    at D:\\project\\ET 3.0\\Expense-tracker-2\\node_modules\\@testing-library\\dom\\dist\\query-helpers.js:76:38\n    at D:\\project\\ET 3.0\\Expense-tracker-2\\node_modules\\@testing-library\\dom\\dist\\query-helpers.js:52:17\n    at getByText (D:\\project\\ET 3.0\\Expense-tracker-2\\node_modules\\@testing-library\\dom\\dist\\query-helpers.js:95:19)\n    at Object.<anonymous> (D:\\project\\ET 3.0\\Expense-tracker-2\\src\\pages\\HistoryPage.test.js:63:19)\n    at Promise.then.completed (D:\\project\\ET 3.0\\Expense-tracker-2\\node_modules\\jest-circus\\build\\utils.js:391:28)\n    at new Promise (<anonymous>)\n    at callAsyncCircusFn (D:\\project\\ET 3.0\\Expense-tracker-2\\node_modules\\jest-circus\\build\\utils.js:316:10)\n    at _callCircusTest (D:\\project\\ET 3.0\\Expense-tracker-2\\node_modules\\jest-circus\\build\\run.js:218:40)\n    at _runTest (D:\\project\\ET 3.0\\Expense-tracker-2\\node_modules\\jest-circus\\build\\run.js:155:3)\n    at _runTestsForDescribeBlock (D:\\project\\ET 3.0\\Expense-tracker-2\\node_modules\\jest-circus\\build\\run.js:66:9)\n    at _runTestsForDescribeBlock (D:\\project\\ET 3.0\\Expense-tracker-2\\node_modules\\jest-circus\\build\\run.js:60:9)\n    at run (D:\\project\\ET 3.0\\Expense-tracker-2\\node_modules\\jest-circus\\build\\run.js:25:3)\n    at runAndTransformResultsToJestFormat (D:\\project\\ET 3.0\\Expense-tracker-2\\node_modules\\jest-circus\\build\\legacy-code-todo-rewrite\\jestAdapterInit.js:170:21)\n    at jestAdapter (D:\\project\\ET 3.0\\Expense-tracker-2\\node_modules\\jest-circus\\build\\legacy-code-todo-rewrite\\jestAdapter.js:82:19)\n    at runTestInternal (D:\\project\\ET 3.0\\Expense-tracker-2\\node_modules\\jest-runner\\build\\runTest.js:389:16)\n    at runTest (D:\\project\\ET 3.0\\Expense-tracker-2\\node_modules\\jest-runner\\build\\runTest.js:475:34)\n    at TestRunner.runTests (D:\\project\\ET 3.0\\Expense-tracker-2\\node_modules\\jest-runner\\build\\index.js:101:12)\n    at TestScheduler.scheduleTests (D:\\project\\ET 3.0\\Expense-tracker-2\\node_modules\\@jest\\core\\build\\TestScheduler.js:333:13)\n    at runJest (D:\\project\\ET 3.0\\Expense-tracker-2\\node_modules\\@jest\\core\\build\\runJest.js:404:19)\n    at _run10000 (D:\\project\\ET 3.0\\Expense-tracker-2\\node_modules\\@jest\\core\\build\\cli\\index.js:320:7)\n    at runCLI (D:\\project\\ET 3.0\\Expense-tracker-2\\node_modules\\@jest\\core\\build\\cli\\index.js:173:3)\n    at Object.run (D:\\project\\ET 3.0\\Expense-tracker-2\\node_modules\\jest-cli\\build\\cli\\index.js:155:37)"],"fullName":"HistoryPage — Rendering renders all 4 transactions","location":null,"status":"failed","title":"renders all 4 transactions"},{"ancestorTitles":["HistoryPage — Rendering"],"failureMessages":["TestingLibraryElementError: Unable to find an element with the text: PDF. This could be because the text is broken up by multiple elements. In this case, you can provide a function for your text matcher to make your matcher more flexible.\n\nIgnored nodes: comments, script, style\n\u001b[36m<body>\u001b[39m\n  \u001b[36m<div>\u001b[39m\n    \u001b[36m<div\u001b[39m\n      \u001b[33mclass\u001b[39m=\u001b[32m\"w-full relative animate-in fade-in pb-20 bg-slate-50 dark:bg-black\"\u001b[39m\n    \u001b[36m>\u001b[39m\n      \u001b[36m<div\u001b[39m\n        \u001b[33mclass\u001b[39m=\u001b[32m\"sticky top-0 z-[50] w-full pt-2 px-2 md:max-w-4xl lg:max-w-5xl md:mx-auto\"\u001b[39m\n      \u001b[36m>\u001b[39m\n        \u001b[36m<div\u001b[39m\n          \u001b[33mclass\u001b[39m=\u001b[32m\"relative overflow-hidden glass-premium rounded-2xl p-3 shadow-2xl transition-all duration-300\"\u001b[39m\n        \u001b[36m>\u001b[39m\n          \u001b[36m<div\u001b[39m\n            \u001b[33mclass\u001b[39m=\u001b[32m\"absolute -inset-1 bg-gradient-to-r from-emerald-500/20 to-rose-500/20 blur-xl opacity-50\"\u001b[39m\n          \u001b[36m/>\u001b[39m\n          \u001b[36m<div\u001b[39m\n            \u001b[33mclass\u001b[39m=\u001b[32m\"flex gap-2 items-center relative z-10\"\u001b[39m\n          \u001b[36m>\u001b[39m\n            \u001b[36m<div\u001b[39m\n              \u001b[33mclass\u001b[39m=\u001b[32m\"relative flex-1 glass-premium rounded-xl shadow-sm\"\u001b[39m\n            \u001b[36m>\u001b[39m\n              \u001b[36m<svg\u001b[39m\n                \u001b[33maria-hidden\u001b[39m=\u001b[32m\"true\"\u001b[39m\n                \u001b[33mclass\u001b[39m=\u001b[32m\"lucide lucide-search absolute left-3 top-1/2 -translate-y-1/2 w-4 h-4 text-slate-400\"\u001b[39m\n                \u001b[33mfill\u001b[39m=\u001b[32m\"none\"\u001b[39m\n                \u001b[33mheight\u001b[39m=\u001b[32m\"24\"\u001b[39m\n                \u001b[33mstroke\u001b[39m=\u001b[32m\"currentColor\"\u001b[39m\n                \u001b[33mstroke-linecap\u001b[39m=\u001b[32m\"round\"\u001b[39m\n                \u001b[33mstroke-linejoin\u001b[39m=\u001b[32m\"round\"\u001b[39m\n                \u001b[33mstroke-width\u001b[39m=\u001b[32m\"2\"\u001b[39m\n                \u001b[33mviewBox\u001b[39m=\u001b[32m\"0 0 24 24\"\u001b[39m\n                \u001b[33mwidth\u001b[39m=\u001b[32m\"24\"\u001b[39m\n                \u001b[33mxmlns\u001b[39m=\u001b[32m\"http://www.w3.org/2000/svg\"\u001b[39m\n              \u001b[36m>\u001b[39m\n                \u001b[36m<path\u001b[39m\n                  \u001b[33md\u001b[39m=\u001b[32m\"m21 21-4.34-4.34\"\u001b[39m\n                \u001b[36m/>\u001b[39m\n                \u001b[36m<circle\u001b[39m\n                  \u001b[33mcx\u001b[39m=\u001b[32m\"11\"\u001b[39m\n                  \u001b[33mcy\u001b[39m=\u001b[32m\"11\"\u001b[39m\n                  \u001b[33mr\u001b[39m=\u001b[32m\"8\"\u001b[39m\n                \u001b[36m/>\u001b[39m\n              \u001b[36m</svg>\u001b[39m\n              \u001b[36m<input\u001b[39m\n                \u001b[33mclass\u001b[39m=\u001b[32m\"w-full bg-transparent pl-9 pr-8 py-2.5 text-sm text-slate-900 dark:text-white focus:outline-none placeholder:text-slate-400 dark:placeholder:text-slate-500 rounded-xl\"\u001b[39m\n                \u001b[33mplaceholder\u001b[39m=\u001b[32m\"search\"\u001b[39m\n                \u001b[33mtype\u001b[39m=\u001b[32m\"text\"\u001b[39m\n                \u001b[33mvalue\u001b[39m=\u001b[32m\"\"\u001b[39m\n              \u001b[36m/>\u001b[39m\n            \u001b[36m</div>\u001b[39m\n            \u001b[36m<button\u001b[39m\n              \u001b[33mclass\u001b[39m=\u001b[32m\"p-2.5 rounded-xl glass-premium transition-colors shadow-sm text-slate-500 dark:text-slate-400\"\u001b[39m\n            \u001b[36m>\u001b[39m\n              \u001b[36m<svg\u001b[39m\n                \u001b[33maria-hidden\u001b[39m=\u001b[32m\"true\"\u001b[39m\n                \u001b[33mclass\u001b[39m=\u001b[32m\"lucide lucide-funnel w-5 h-5\"\u001b[39m\n                \u001b[33mfill\u001b[39m=\u001b[32m\"none\"\u001b[39m\n                \u001b[33mheight\u001b[39m=\u001b[32m\"24\"\u001b[39m\n                \u001b[33mstroke\u001b[39m=\u001b[32m\"currentColor\"\u001b[39m\n                \u001b[33mstroke-linecap\u001b[39m=\u001b[32m\"round\"\u001b[39m\n                \u001b[33mstroke-linejoin\u001b[39m=\u001b[32m\"round\"\u001b[39m\n                \u001b[33mstroke-width\u001b[39m=\u001b[32m\"2\"\u001b[39m\n                \u001b[33mviewBox\u001b[39m=\u001b[32m\"0 0 24 24\"\u001b[39m\n                \u001b[33mwidth\u001b[39m=\u001b[32m\"24\"\u001b[39m\n                \u001b[33mxmlns\u001b[39m=\u001b[32m\"http://www.w3.org/2000/svg\"\u001b[39m\n              \u001b[36m>\u001b[39m\n                \u001b[36m<path\u001b[39m\n                  \u001b[33md\u001b[39m=\u001b[32m\"M10 20a1 1 0 0 0 .553.895l2 1A1 1 0 0 0 14 21v-7a2 2 0 0 1 .517-1.341L21.74 4.67A1 1 0 0 0 21 3H3a1 1 0 0 0-.742 1.67l7.225 7.989A2 2 0 0 1 10 14z\"\u001b[39m\n                \u001b[36m/>\u001b[39m\n              \u001b[36m</svg>\u001b[39m\n            \u001b[36m</button>\u001b[39m\n          \u001b[36m</div>\u001b[39m\n          \u001b[36m<div\u001b[39m\n            \u001b[33mclass\u001b[39m=\u001b[32m\"flex items-center justify-between text-[10px] sm:text-xs text-slate-500 pt-2 mt-2 border-t border-white/10 w-full overflow-x-auto [&::-webkit-scrollbar]:hidden [-ms-overflow-style:none] [scrollbar-width:none]\"\u001b[39m\n          \u001b[36m>\u001b[39m\n            \u001b[36m<span\u001b[39m\n              \u001b[33mclass\u001b[39m=\u001b[32m\"whitespace-nowrap mr-3\"\u001b[39m\n            \u001b[36m>\u001b[39m\n              \u001b[0m3\u001b[0m\n              \u001b[0m entry\u001b[0m\n              \u001b[0ms\u001b[0m\n            \u001b[36m</span>\u001b[39m\n            \u001b[36m<div\u001b[39m\n              \u001b[33mclass\u001b[39m=\u001b[32m\"flex gap-2 sm:gap-3 whitespace-nowrap\"\u001b[39m\n            \u001b[36m>\u001b[39m\n              \u001b[36m<span\u001b[39m\n                \u001b[33mclass\u001b[39m=\u001b[32m\"text-emerald-600 font-semibold\"\u001b[39m\n              \u001b[36m>\u001b[39m\n                \u001b[0m+\u001b[0m\n                \u001b[0m₹3,000\u001b[0m\n              \u001b[36m</span>\u001b[39m\n              \u001b[36m<span\u001b[39m\n                \u001b[33mclass\u001b[39m=\u001b[32m\"text-rose-600 font-semibold\"\u001b[39m\n              \u001b[36m>\u001b[39m\n                \u001b[0m−\u001b[0m\n                \u001b[0m₹1,700\u001b[0m\n              \u001b[36m</span>\u001b[39m\n              \u001b[36m<span\u001b[39m\n                \u001b[33mclass\u001b[39m=\u001b[32m\"font-bold text-emerald-600\"\u001b[39m\n              \u001b[36m>\u001b[39m\n                \u001b[0mNet \u001b[0m\n                \u001b[0m₹1,300\u001b[0m\n              \u001b[36m</span>\u001b[39m\n            \u001b[36m</div>\u001b[39m\n          \u001b[36m</div>\u001b[39m\n        \u001b[36m</div>\u001b[39m\n      \u001b[36m</div>\u001b[39m\n      \u001b[36m<div\u001b[39m\n        \u001b[33mclass\u001b[39m=\u001b[32m\"w-full space-y-3 p-4 bg-slate-50 dark:bg-black\"\u001b[39m\n      \u001b[36m>\u001b[39m\n        \u001b[36m<div\u001b[39m\n          \u001b[33mclass\u001b[39m=\u001b[32m\"p-2 md:p-3 min-h-[40vh] mt-4\"\u001b[39m\n        \u001b[36m>\u001b[39m\n          \u001b[36m<div\u001b[39m\n            \u001b[33mclass\u001b[39m=\u001b[32m\"flex flex-col space-y-2 pb-16\"\u001b[39m\n          \u001b[36m>\u001b[39m\n            \u001b[36m<div\u001b[39m\n              \u001b[33mclass\u001b[39m=\u001b[32m\"p-4 premium-card border-l-4 rounded-xl flex items-center justify-between gap-3 transition-colors duration-300 hover:shadow-lg cursor-pointer active:scale-[0.98] border-l-rose-500 \"\u001b[39m\n            \u001b[36m>\u001b[39m\n              \u001b[36m<div\u001b[39m\n                \u001b[33mclass\u001b[39m=\u001b[32m\"w-9 h-9 rounded-full border flex-shrink-0 flex items-center justify-center transition-all bg-rose-50 border-rose-200\"\u001b[39m\n              \u001b[36m>\u001b[39m\n                \u001b[36m<svg\u001b[39m\n                  \u001b[33maria-hidden\u001b[39m=\u001b[32m\"true\"\u001b[39m\n                  \u001b[33mclass\u001b[39m=\u001b[32m\"lucide lucide-trending-down w-4 h-4 text-rose-600\"\u001b[39m\n                  \u001b[33mfill\u001b[39m=\u001b[32m\"none\"\u001b[39m\n                  \u001b[33mheight\u001b[39m=\u001b[32m\"24\"\u001b[39m\n                  \u001b[33mstroke\u001b[39m=\u001b[32m\"currentColor\"\u001b[39m\n                  \u001b[33mstroke-linecap\u001b[39m=\u001b[32m\"round\"\u001b[39m\n                  \u001b[33mstroke-linejoin\u001b[39m=\u001b[32m\"round\"\u001b[39m\n                  \u001b[33mstroke-width\u001b[39m=\u001b[32m\"2\"\u001b[39m\n                  \u001b[33mviewBox\u001b[39m=\u001b[32m\"0 0 24 24\"\u001b[39m\n                  \u001b[33mwidth\u001b[39m=\u001b[32m\"24\"\u001b[39m\n                  \u001b[33mxmlns\u001b[39m=\u001b[32m\"http://www.w3.org/2000/svg\"\u001b[39m\n                \u001b[36m>\u001b[39m\n                  \u001b[36m<path\u001b[39m\n                    \u001b[33md\u001b[39m=\u001b[32m\"M16 17h6v-6\"\u001b[39m\n                  \u001b[36m/>\u001b[39m\n                  \u001b[36m<path\u001b[39m\n                    \u001b[33md\u001b[39m=\u001b[32m\"m22 17-8.5-8.5-5 5L2 7\"\u001b[39m\n                  \u001b[36m/>\u001b[39m\n                \u001b[36m</svg>\u001b[39m\n              \u001b[36m</div>\u001b[39m\n             ...\n    at Object.getElementError (D:\\project\\ET 3.0\\Expense-tracker-2\\node_modules\\@testing-library\\dom\\dist\\config.js:37:19)\n    at D:\\project\\ET 3.0\\Expense-tracker-2\\node_modules\\@testing-library\\dom\\dist\\query-helpers.js:76:38\n    at D:\\project\\ET 3.0\\Expense-tracker-2\\node_modules\\@testing-library\\dom\\dist\\query-helpers.js:52:17\n    at getByText (D:\\project\\ET 3.0\\Expense-tracker-2\\node_modules\\@testing-library\\dom\\dist\\query-helpers.js:95:19)\n    at Object.<anonymous> (D:\\project\\ET 3.0\\Expense-tracker-2\\src\\pages\\HistoryPage.test.js:71:19)\n    at Promise.then.completed (D:\\project\\ET 3.0\\Expense-tracker-2\\node_modules\\jest-circus\\build\\utils.js:391:28)\n    at new Promise (<anonymous>)\n    at callAsyncCircusFn (D:\\project\\ET 3.0\\Expense-tracker-2\\node_modules\\jest-circus\\build\\utils.js:316:10)\n    at _callCircusTest (D:\\project\\ET 3.0\\Expense-tracker-2\\node_modules\\jest-circus\\build\\run.js:218:40)\n    at _runTest (D:\\project\\ET 3.0\\Expense-tracker-2\\node_modules\\jest-circus\\build\\run.js:155:3)\n    at _runTestsForDescribeBlock (D:\\project\\ET 3.0\\Expense-tracker-2\\node_modules\\jest-circus\\build\\run.js:66:9)\n    at _runTestsForDescribeBlock (D:\\project\\ET 3.0\\Expense-tracker-2\\node_modules\\jest-circus\\build\\run.js:60:9)\n    at run (D:\\project\\ET 3.0\\Expense-tracker-2\\node_modules\\jest-circus\\build\\run.js:25:3)\n    at runAndTransformResultsToJestFormat (D:\\project\\ET 3.0\\Expense-tracker-2\\node_modules\\jest-circus\\build\\legacy-code-todo-rewrite\\jestAdapterInit.js:170:21)\n    at jestAdapter (D:\\project\\ET 3.0\\Expense-tracker-2\\node_modules\\jest-circus\\build\\legacy-code-todo-rewrite\\jestAdapter.js:82:19)\n    at runTestInternal (D:\\project\\ET 3.0\\Expense-tracker-2\\node_modules\\jest-runner\\build\\runTest.js:389:16)\n    at runTest (D:\\project\\ET 3.0\\Expense-tracker-2\\node_modules\\jest-runner\\build\\runTest.js:475:34)\n    at TestRunner.runTests (D:\\project\\ET 3.0\\Expense-tracker-2\\node_modules\\jest-runner\\build\\index.js:101:12)\n    at TestScheduler.scheduleTests (D:\\project\\ET 3.0\\Expense-tracker-2\\node_modules\\@jest\\core\\build\\TestScheduler.js:333:13)\n    at runJest (D:\\project\\ET 3.0\\Expense-tracker-2\\node_modules\\@jest\\core\\build\\runJest.js:404:19)\n    at _run10000 (D:\\project\\ET 3.0\\Expense-tracker-2\\node_modules\\@jest\\core\\build\\cli\\index.js:320:7)\n    at runCLI (D:\\project\\ET 3.0\\Expense-tracker-2\\node_modules\\@jest\\core\\build\\cli\\index.js:173:3)\n    at Object.run (D:\\project\\ET 3.0\\Expense-tracker-2\\node_modules\\jest-cli\\build\\cli\\index.js:155:37)"],"fullName":"HistoryPage — Rendering renders the PDF export button","location":null,"status":"failed","title":"renders the PDF export button"},{"ancestorTitles":["HistoryPage — Search Filtering"],"failureMessages":[],"fullName":"HistoryPage — Search Filtering search by description narrows results","location":null,"status":"passed","title":"search by description narrows results"},{"ancestorTitles":["HistoryPage — Search Filtering"],"failureMessages":[],"fullName":"HistoryPage — Search Filtering search by category shows matching rows","location":null,"status":"passed","title":"search by category shows matching rows"},{"ancestorTitles":["HistoryPage — Search Filtering"],"failureMessages":[],"fullName":"HistoryPage — Search Filtering search with no match shows empty state","location":null,"status":"passed","title":"search with no match shows empty state"},{"ancestorTitles":["HistoryPage — Search Filtering"],"failureMessages":["TestingLibraryElementError: Unable to find an element with the text: Morning sales. This could be because the text is broken up by multiple elements. In this case, you can provide a function for your text matcher to make your matcher more flexible.\n\nIgnored nodes: comments, script, style\n\u001b[36m<body>\u001b[39m\n  \u001b[36m<div>\u001b[39m\n    \u001b[36m<div\u001b[39m\n      \u001b[33mclass\u001b[39m=\u001b[32m\"w-full relative animate-in fade-in pb-20 bg-slate-50 dark:bg-black\"\u001b[39m\n    \u001b[36m>\u001b[39m\n      \u001b[36m<div\u001b[39m\n        \u001b[33mclass\u001b[39m=\u001b[32m\"sticky top-0 z-[50] w-full pt-2 px-2 md:max-w-4xl lg:max-w-5xl md:mx-auto\"\u001b[39m\n      \u001b[36m>\u001b[39m\n        \u001b[36m<div\u001b[39m\n          \u001b[33mclass\u001b[39m=\u001b[32m\"relative overflow-hidden glass-premium rounded-2xl p-3 shadow-2xl transition-all duration-300\"\u001b[39m\n        \u001b[36m>\u001b[39m\n          \u001b[36m<div\u001b[39m\n            \u001b[33mclass\u001b[39m=\u001b[32m\"absolute -inset-1 bg-gradient-to-r from-emerald-500/20 to-rose-500/20 blur-xl opacity-50\"\u001b[39m\n          \u001b[36m/>\u001b[39m\n          \u001b[36m<div\u001b[39m\n            \u001b[33mclass\u001b[39m=\u001b[32m\"flex gap-2 items-center relative z-10\"\u001b[39m\n          \u001b[36m>\u001b[39m\n            \u001b[36m<div\u001b[39m\n              \u001b[33mclass\u001b[39m=\u001b[32m\"relative flex-1 glass-premium rounded-xl shadow-sm\"\u001b[39m\n            \u001b[36m>\u001b[39m\n              \u001b[36m<svg\u001b[39m\n                \u001b[33maria-hidden\u001b[39m=\u001b[32m\"true\"\u001b[39m\n                \u001b[33mclass\u001b[39m=\u001b[32m\"lucide lucide-search absolute left-3 top-1/2 -translate-y-1/2 w-4 h-4 text-slate-400\"\u001b[39m\n                \u001b[33mfill\u001b[39m=\u001b[32m\"none\"\u001b[39m\n                \u001b[33mheight\u001b[39m=\u001b[32m\"24\"\u001b[39m\n                \u001b[33mstroke\u001b[39m=\u001b[32m\"currentColor\"\u001b[39m\n                \u001b[33mstroke-linecap\u001b[39m=\u001b[32m\"round\"\u001b[39m\n                \u001b[33mstroke-linejoin\u001b[39m=\u001b[32m\"round\"\u001b[39m\n                \u001b[33mstroke-width\u001b[39m=\u001b[32m\"2\"\u001b[39m\n                \u001b[33mviewBox\u001b[39m=\u001b[32m\"0 0 24 24\"\u001b[39m\n                \u001b[33mwidth\u001b[39m=\u001b[32m\"24\"\u001b[39m\n                \u001b[33mxmlns\u001b[39m=\u001b[32m\"http://www.w3.org/2000/svg\"\u001b[39m\n              \u001b[36m>\u001b[39m\n                \u001b[36m<path\u001b[39m\n                  \u001b[33md\u001b[39m=\u001b[32m\"m21 21-4.34-4.34\"\u001b[39m\n                \u001b[36m/>\u001b[39m\n                \u001b[36m<circle\u001b[39m\n                  \u001b[33mcx\u001b[39m=\u001b[32m\"11\"\u001b[39m\n                  \u001b[33mcy\u001b[39m=\u001b[32m\"11\"\u001b[39m\n                  \u001b[33mr\u001b[39m=\u001b[32m\"8\"\u001b[39m\n                \u001b[36m/>\u001b[39m\n              \u001b[36m</svg>\u001b[39m\n              \u001b[36m<input\u001b[39m\n                \u001b[33mclass\u001b[39m=\u001b[32m\"w-full bg-transparent pl-9 pr-8 py-2.5 text-sm text-slate-900 dark:text-white focus:outline-none placeholder:text-slate-400 dark:placeholder:text-slate-500 rounded-xl\"\u001b[39m\n                \u001b[33mplaceholder\u001b[39m=\u001b[32m\"search\"\u001b[39m\n                \u001b[33mtype\u001b[39m=\u001b[32m\"text\"\u001b[39m\n                \u001b[33mvalue\u001b[39m=\u001b[32m\"\"\u001b[39m\n              \u001b[36m/>\u001b[39m\n            \u001b[36m</div>\u001b[39m\n            \u001b[36m<button\u001b[39m\n              \u001b[33mclass\u001b[39m=\u001b[32m\"p-2.5 rounded-xl glass-premium transition-colors shadow-sm text-slate-500 dark:text-slate-400\"\u001b[39m\n            \u001b[36m>\u001b[39m\n              \u001b[36m<svg\u001b[39m\n                \u001b[33maria-hidden\u001b[39m=\u001b[32m\"true\"\u001b[39m\n                \u001b[33mclass\u001b[39m=\u001b[32m\"lucide lucide-funnel w-5 h-5\"\u001b[39m\n                \u001b[33mfill\u001b[39m=\u001b[32m\"none\"\u001b[39m\n                \u001b[33mheight\u001b[39m=\u001b[32m\"24\"\u001b[39m\n                \u001b[33mstroke\u001b[39m=\u001b[32m\"currentColor\"\u001b[39m\n                \u001b[33mstroke-linecap\u001b[39m=\u001b[32m\"round\"\u001b[39m\n                \u001b[33mstroke-linejoin\u001b[39m=\u001b[32m\"round\"\u001b[39m\n                \u001b[33mstroke-width\u001b[39m=\u001b[32m\"2\"\u001b[39m\n                \u001b[33mviewBox\u001b[39m=\u001b[32m\"0 0 24 24\"\u001b[39m\n                \u001b[33mwidth\u001b[39m=\u001b[32m\"24\"\u001b[39m\n                \u001b[33mxmlns\u001b[39m=\u001b[32m\"http://www.w3.org/2000/svg\"\u001b[39m\n              \u001b[36m>\u001b[39m\n                \u001b[36m<path\u001b[39m\n                  \u001b[33md\u001b[39m=\u001b[32m\"M10 20a1 1 0 0 0 .553.895l2 1A1 1 0 0 0 14 21v-7a2 2 0 0 1 .517-1.341L21.74 4.67A1 1 0 0 0 21 3H3a1 1 0 0 0-.742 1.67l7.225 7.989A2 2 0 0 1 10 14z\"\u001b[39m\n                \u001b[36m/>\u001b[39m\n              \u001b[36m</svg>\u001b[39m\n            \u001b[36m</button>\u001b[39m\n          \u001b[36m</div>\u001b[39m\n          \u001b[36m<div\u001b[39m\n            \u001b[33mclass\u001b[39m=\u001b[32m\"flex items-center justify-between text-[10px] sm:text-xs text-slate-500 pt-2 mt-2 border-t border-white/10 w-full overflow-x-auto [&::-webkit-scrollbar]:hidden [-ms-overflow-style:none] [scrollbar-width:none]\"\u001b[39m\n          \u001b[36m>\u001b[39m\n            \u001b[36m<span\u001b[39m\n              \u001b[33mclass\u001b[39m=\u001b[32m\"whitespace-nowrap mr-3\"\u001b[39m\n            \u001b[36m>\u001b[39m\n              \u001b[0m3\u001b[0m\n              \u001b[0m entry\u001b[0m\n              \u001b[0ms\u001b[0m\n            \u001b[36m</span>\u001b[39m\n            \u001b[36m<div\u001b[39m\n              \u001b[33mclass\u001b[39m=\u001b[32m\"flex gap-2 sm:gap-3 whitespace-nowrap\"\u001b[39m\n            \u001b[36m>\u001b[39m\n              \u001b[36m<span\u001b[39m\n                \u001b[33mclass\u001b[39m=\u001b[32m\"text-emerald-600 font-semibold\"\u001b[39m\n              \u001b[36m>\u001b[39m\n                \u001b[0m+\u001b[0m\n                \u001b[0m₹3,000\u001b[0m\n              \u001b[36m</span>\u001b[39m\n              \u001b[36m<span\u001b[39m\n                \u001b[33mclass\u001b[39m=\u001b[32m\"text-rose-600 font-semibold\"\u001b[39m\n              \u001b[36m>\u001b[39m\n                \u001b[0m−\u001b[0m\n                \u001b[0m₹1,700\u001b[0m\n              \u001b[36m</span>\u001b[39m\n              \u001b[36m<span\u001b[39m\n                \u001b[33mclass\u001b[39m=\u001b[32m\"font-bold text-emerald-600\"\u001b[39m\n              \u001b[36m>\u001b[39m\n                \u001b[0mNet \u001b[0m\n                \u001b[0m₹1,300\u001b[0m\n              \u001b[36m</span>\u001b[39m\n            \u001b[36m</div>\u001b[39m\n          \u001b[36m</div>\u001b[39m\n        \u001b[36m</div>\u001b[39m\n      \u001b[36m</div>\u001b[39m\n      \u001b[36m<div\u001b[39m\n        \u001b[33mclass\u001b[39m=\u001b[32m\"w-full space-y-3 p-4 bg-slate-50 dark:bg-black\"\u001b[39m\n      \u001b[36m>\u001b[39m\n        \u001b[36m<div\u001b[39m\n          \u001b[33mclass\u001b[39m=\u001b[32m\"p-2 md:p-3 min-h-[40vh] mt-4\"\u001b[39m\n        \u001b[36m>\u001b[39m\n          \u001b[36m<div\u001b[39m\n            \u001b[33mclass\u001b[39m=\u001b[32m\"flex flex-col space-y-2 pb-16\"\u001b[39m\n          \u001b[36m>\u001b[39m\n            \u001b[36m<div\u001b[39m\n              \u001b[33mclass\u001b[39m=\u001b[32m\"p-4 premium-card border-l-4 rounded-xl flex items-center justify-between gap-3 transition-colors duration-300 hover:shadow-lg cursor-pointer active:scale-[0.98] border-l-rose-500 \"\u001b[39m\n            \u001b[36m>\u001b[39m\n              \u001b[36m<div\u001b[39m\n                \u001b[33mclass\u001b[39m=\u001b[32m\"w-9 h-9 rounded-full border flex-shrink-0 flex items-center justify-center transition-all bg-rose-50 border-rose-200\"\u001b[39m\n              \u001b[36m>\u001b[39m\n                \u001b[36m<svg\u001b[39m\n                  \u001b[33maria-hidden\u001b[39m=\u001b[32m\"true\"\u001b[39m\n                  \u001b[33mclass\u001b[39m=\u001b[32m\"lucide lucide-trending-down w-4 h-4 text-rose-600\"\u001b[39m\n                  \u001b[33mfill\u001b[39m=\u001b[32m\"none\"\u001b[39m\n                  \u001b[33mheight\u001b[39m=\u001b[32m\"24\"\u001b[39m\n                  \u001b[33mstroke\u001b[39m=\u001b[32m\"currentColor\"\u001b[39m\n                  \u001b[33mstroke-linecap\u001b[39m=\u001b[32m\"round\"\u001b[39m\n                  \u001b[33mstroke-linejoin\u001b[39m=\u001b[32m\"round\"\u001b[39m\n                  \u001b[33mstroke-width\u001b[39m=\u001b[32m\"2\"\u001b[39m\n                  \u001b[33mviewBox\u001b[39m=\u001b[32m\"0 0 24 24\"\u001b[39m\n                  \u001b[33mwidth\u001b[39m=\u001b[32m\"24\"\u001b[39m\n                  \u001b[33mxmlns\u001b[39m=\u001b[32m\"http://www.w3.org/2000/svg\"\u001b[39m\n                \u001b[36m>\u001b[39m\n                  \u001b[36m<path\u001b[39m\n                    \u001b[33md\u001b[39m=\u001b[32m\"M16 17h6v-6\"\u001b[39m\n                  \u001b[36m/>\u001b[39m\n                  \u001b[36m<path\u001b[39m\n                    \u001b[33md\u001b[39m=\u001b[32m\"m22 17-8.5-8.5-5 5L2 7\"\u001b[39m\n                  \u001b[36m/>\u001b[39m\n                \u001b[36m</svg>\u001b[39m\n              \u001b[36m</div>\u001b[39m\n             ...\n    at Object.getElementError (D:\\project\\ET 3.0\\Expense-tracker-2\\node_modules\\@testing-library\\dom\\dist\\config.js:37:19)\n    at D:\\project\\ET 3.0\\Expense-tracker-2\\node_modules\\@testing-library\\dom\\dist\\query-helpers.js:76:38\n    at D:\\project\\ET 3.0\\Expense-tracker-2\\node_modules\\@testing-library\\dom\\dist\\query-helpers.js:52:17\n    at getByText (D:\\project\\ET 3.0\\Expense-tracker-2\\node_modules\\@testing-library\\dom\\dist\\query-helpers.js:95:19)\n    at Object.<anonymous> (D:\\project\\ET 3.0\\Expense-tracker-2\\src\\pages\\HistoryPage.test.js:106:19)\n    at Promise.then.completed (D:\\project\\ET 3.0\\Expense-tracker-2\\node_modules\\jest-circus\\build\\utils.js:391:28)\n    at new Promise (<anonymous>)\n    at callAsyncCircusFn (D:\\project\\ET 3.0\\Expense-tracker-2\\node_modules\\jest-circus\\build\\utils.js:316:10)\n    at _callCircusTest (D:\\project\\ET 3.0\\Expense-tracker-2\\node_modules\\jest-circus\\build\\run.js:218:40)\n    at _runTest (D:\\project\\ET 3.0\\Expense-tracker-2\\node_modules\\jest-circus\\build\\run.js:155:3)\n    at _runTestsForDescribeBlock (D:\\project\\ET 3.0\\Expense-tracker-2\\node_modules\\jest-circus\\build\\run.js:66:9)\n    at _runTestsForDescribeBlock (D:\\project\\ET 3.0\\Expense-tracker-2\\node_modules\\jest-circus\\build\\run.js:60:9)\n    at run (D:\\project\\ET 3.0\\Expense-tracker-2\\node_modules\\jest-circus\\build\\run.js:25:3)\n    at runAndTransformResultsToJestFormat (D:\\project\\ET 3.0\\Expense-tracker-2\\node_modules\\jest-circus\\build\\legacy-code-todo-rewrite\\jestAdapterInit.js:170:21)\n    at jestAdapter (D:\\project\\ET 3.0\\Expense-tracker-2\\node_modules\\jest-circus\\build\\legacy-code-todo-rewrite\\jestAdapter.js:82:19)\n    at runTestInternal (D:\\project\\ET 3.0\\Expense-tracker-2\\node_modules\\jest-runner\\build\\runTest.js:389:16)\n    at runTest (D:\\project\\ET 3.0\\Expense-tracker-2\\node_modules\\jest-runner\\build\\runTest.js:475:34)\n    at TestRunner.runTests (D:\\project\\ET 3.0\\Expense-tracker-2\\node_modules\\jest-runner\\build\\index.js:101:12)\n    at TestScheduler.scheduleTests (D:\\project\\ET 3.0\\Expense-tracker-2\\node_modules\\@jest\\core\\build\\TestScheduler.js:333:13)\n    at runJest (D:\\project\\ET 3.0\\Expense-tracker-2\\node_modules\\@jest\\core\\build\\runJest.js:404:19)\n    at _run10000 (D:\\project\\ET 3.0\\Expense-tracker-2\\node_modules\\@jest\\core\\build\\cli\\index.js:320:7)\n    at runCLI (D:\\project\\ET 3.0\\Expense-tracker-2\\node_modules\\@jest\\core\\build\\cli\\index.js:173:3)\n    at Object.run (D:\\project\\ET 3.0\\Expense-tracker-2\\node_modules\\jest-cli\\build\\cli\\index.js:155:37)"],"fullName":"HistoryPage — Search Filtering clearing search restores all results","location":null,"status":"failed","title":"clearing search restores all results"},{"ancestorTitles":["HistoryPage — Type Filter"],"failureMessages":["TestingLibraryElementError: Unable to find an element with the text: Morning sales. This could be because the text is broken up by multiple elements. In this case, you can provide a function for your text matcher to make your matcher more flexible.\n\nIgnored nodes: comments, script, style\n\u001b[36m<body>\u001b[39m\n  \u001b[36m<div>\u001b[39m\n    \u001b[36m<div\u001b[39m\n      \u001b[33mclass\u001b[39m=\u001b[32m\"w-full relative animate-in fade-in pb-20 bg-slate-50 dark:bg-black\"\u001b[39m\n    \u001b[36m>\u001b[39m\n      \u001b[36m<div\u001b[39m\n        \u001b[33mclass\u001b[39m=\u001b[32m\"sticky top-0 z-[50] w-full pt-2 px-2 md:max-w-4xl lg:max-w-5xl md:mx-auto\"\u001b[39m\n      \u001b[36m>\u001b[39m\n        \u001b[36m<div\u001b[39m\n          \u001b[33mclass\u001b[39m=\u001b[32m\"relative overflow-hidden glass-premium rounded-2xl p-3 shadow-2xl transition-all duration-300\"\u001b[39m\n        \u001b[36m>\u001b[39m\n          \u001b[36m<div\u001b[39m\n            \u001b[33mclass\u001b[39m=\u001b[32m\"absolute -inset-1 bg-gradient-to-r from-emerald-500/20 to-rose-500/20 blur-xl opacity-50\"\u001b[39m\n          \u001b[36m/>\u001b[39m\n          \u001b[36m<div\u001b[39m\n            \u001b[33mclass\u001b[39m=\u001b[32m\"flex gap-2 items-center relative z-10\"\u001b[39m\n          \u001b[36m>\u001b[39m\n            \u001b[36m<div\u001b[39m\n              \u001b[33mclass\u001b[39m=\u001b[32m\"relative flex-1 glass-premium rounded-xl shadow-sm\"\u001b[39m\n            \u001b[36m>\u001b[39m\n              \u001b[36m<svg\u001b[39m\n                \u001b[33maria-hidden\u001b[39m=\u001b[32m\"true\"\u001b[39m\n                \u001b[33mclass\u001b[39m=\u001b[32m\"lucide lucide-search absolute left-3 top-1/2 -translate-y-1/2 w-4 h-4 text-slate-400\"\u001b[39m\n                \u001b[33mfill\u001b[39m=\u001b[32m\"none\"\u001b[39m\n                \u001b[33mheight\u001b[39m=\u001b[32m\"24\"\u001b[39m\n                \u001b[33mstroke\u001b[39m=\u001b[32m\"currentColor\"\u001b[39m\n                \u001b[33mstroke-linecap\u001b[39m=\u001b[32m\"round\"\u001b[39m\n                \u001b[33mstroke-linejoin\u001b[39m=\u001b[32m\"round\"\u001b[39m\n                \u001b[33mstroke-width\u001b[39m=\u001b[32m\"2\"\u001b[39m\n                \u001b[33mviewBox\u001b[39m=\u001b[32m\"0 0 24 24\"\u001b[39m\n                \u001b[33mwidth\u001b[39m=\u001b[32m\"24\"\u001b[39m\n                \u001b[33mxmlns\u001b[39m=\u001b[32m\"http://www.w3.org/2000/svg\"\u001b[39m\n              \u001b[36m>\u001b[39m\n                \u001b[36m<path\u001b[39m\n                  \u001b[33md\u001b[39m=\u001b[32m\"m21 21-4.34-4.34\"\u001b[39m\n                \u001b[36m/>\u001b[39m\n                \u001b[36m<circle\u001b[39m\n                  \u001b[33mcx\u001b[39m=\u001b[32m\"11\"\u001b[39m\n                  \u001b[33mcy\u001b[39m=\u001b[32m\"11\"\u001b[39m\n                  \u001b[33mr\u001b[39m=\u001b[32m\"8\"\u001b[39m\n                \u001b[36m/>\u001b[39m\n              \u001b[36m</svg>\u001b[39m\n              \u001b[36m<input\u001b[39m\n                \u001b[33mclass\u001b[39m=\u001b[32m\"w-full bg-transparent pl-9 pr-8 py-2.5 text-sm text-slate-900 dark:text-white focus:outline-none placeholder:text-slate-400 dark:placeholder:text-slate-500 rounded-xl\"\u001b[39m\n                \u001b[33mplaceholder\u001b[39m=\u001b[32m\"search\"\u001b[39m\n                \u001b[33mtype\u001b[39m=\u001b[32m\"text\"\u001b[39m\n                \u001b[33mvalue\u001b[39m=\u001b[32m\"\"\u001b[39m\n              \u001b[36m/>\u001b[39m\n            \u001b[36m</div>\u001b[39m\n            \u001b[36m<button\u001b[39m\n              \u001b[33mclass\u001b[39m=\u001b[32m\"p-2.5 rounded-xl glass-premium transition-colors shadow-sm text-slate-500 dark:text-slate-400\"\u001b[39m\n            \u001b[36m>\u001b[39m\n              \u001b[36m<svg\u001b[39m\n                \u001b[33maria-hidden\u001b[39m=\u001b[32m\"true\"\u001b[39m\n                \u001b[33mclass\u001b[39m=\u001b[32m\"lucide lucide-funnel w-5 h-5\"\u001b[39m\n                \u001b[33mfill\u001b[39m=\u001b[32m\"none\"\u001b[39m\n                \u001b[33mheight\u001b[39m=\u001b[32m\"24\"\u001b[39m\n                \u001b[33mstroke\u001b[39m=\u001b[32m\"currentColor\"\u001b[39m\n                \u001b[33mstroke-linecap\u001b[39m=\u001b[32m\"round\"\u001b[39m\n                \u001b[33mstroke-linejoin\u001b[39m=\u001b[32m\"round\"\u001b[39m\n                \u001b[33mstroke-width\u001b[39m=\u001b[32m\"2\"\u001b[39m\n                \u001b[33mviewBox\u001b[39m=\u001b[32m\"0 0 24 24\"\u001b[39m\n                \u001b[33mwidth\u001b[39m=\u001b[32m\"24\"\u001b[39m\n                \u001b[33mxmlns\u001b[39m=\u001b[32m\"http://www.w3.org/2000/svg\"\u001b[39m\n              \u001b[36m>\u001b[39m\n                \u001b[36m<path\u001b[39m\n                  \u001b[33md\u001b[39m=\u001b[32m\"M10 20a1 1 0 0 0 .553.895l2 1A1 1 0 0 0 14 21v-7a2 2 0 0 1 .517-1.341L21.74 4.67A1 1 0 0 0 21 3H3a1 1 0 0 0-.742 1.67l7.225 7.989A2 2 0 0 1 10 14z\"\u001b[39m\n                \u001b[36m/>\u001b[39m\n              \u001b[36m</svg>\u001b[39m\n            \u001b[36m</button>\u001b[39m\n          \u001b[36m</div>\u001b[39m\n          \u001b[36m<div\u001b[39m\n            \u001b[33mclass\u001b[39m=\u001b[32m\"flex items-center justify-between text-[10px] sm:text-xs text-slate-500 pt-2 mt-2 border-t border-white/10 w-full overflow-x-auto [&::-webkit-scrollbar]:hidden [-ms-overflow-style:none] [scrollbar-width:none]\"\u001b[39m\n          \u001b[36m>\u001b[39m\n            \u001b[36m<span\u001b[39m\n              \u001b[33mclass\u001b[39m=\u001b[32m\"whitespace-nowrap mr-3\"\u001b[39m\n            \u001b[36m>\u001b[39m\n              \u001b[0m3\u001b[0m\n              \u001b[0m entry\u001b[0m\n              \u001b[0ms\u001b[0m\n            \u001b[36m</span>\u001b[39m\n            \u001b[36m<div\u001b[39m\n              \u001b[33mclass\u001b[39m=\u001b[32m\"flex gap-2 sm:gap-3 whitespace-nowrap\"\u001b[39m\n            \u001b[36m>\u001b[39m\n              \u001b[36m<span\u001b[39m\n                \u001b[33mclass\u001b[39m=\u001b[32m\"text-emerald-600 font-semibold\"\u001b[39m\n              \u001b[36m>\u001b[39m\n                \u001b[0m+\u001b[0m\n                \u001b[0m₹3,000\u001b[0m\n              \u001b[36m</span>\u001b[39m\n              \u001b[36m<span\u001b[39m\n                \u001b[33mclass\u001b[39m=\u001b[32m\"text-rose-600 font-semibold\"\u001b[39m\n              \u001b[36m>\u001b[39m\n                \u001b[0m−\u001b[0m\n                \u001b[0m₹1,700\u001b[0m\n              \u001b[36m</span>\u001b[39m\n              \u001b[36m<span\u001b[39m\n                \u001b[33mclass\u001b[39m=\u001b[32m\"font-bold text-emerald-600\"\u001b[39m\n              \u001b[36m>\u001b[39m\n                \u001b[0mNet \u001b[0m\n                \u001b[0m₹1,300\u001b[0m\n              \u001b[36m</span>\u001b[39m\n            \u001b[36m</div>\u001b[39m\n          \u001b[36m</div>\u001b[39m\n        \u001b[36m</div>\u001b[39m\n      \u001b[36m</div>\u001b[39m\n      \u001b[36m<div\u001b[39m\n        \u001b[33mclass\u001b[39m=\u001b[32m\"w-full space-y-3 p-4 bg-slate-50 dark:bg-black\"\u001b[39m\n      \u001b[36m>\u001b[39m\n        \u001b[36m<div\u001b[39m\n          \u001b[33mclass\u001b[39m=\u001b[32m\"p-2 md:p-3 min-h-[40vh] mt-4\"\u001b[39m\n        \u001b[36m>\u001b[39m\n          \u001b[36m<div\u001b[39m\n            \u001b[33mclass\u001b[39m=\u001b[32m\"flex flex-col space-y-2 pb-16\"\u001b[39m\n          \u001b[36m>\u001b[39m\n            \u001b[36m<div\u001b[39m\n              \u001b[33mclass\u001b[39m=\u001b[32m\"p-4 premium-card border-l-4 rounded-xl flex items-center justify-between gap-3 transition-colors duration-300 hover:shadow-lg cursor-pointer active:scale-[0.98] border-l-rose-500 \"\u001b[39m\n            \u001b[36m>\u001b[39m\n              \u001b[36m<div\u001b[39m\n                \u001b[33mclass\u001b[39m=\u001b[32m\"w-9 h-9 rounded-full border flex-shrink-0 flex items-center justify-center transition-all bg-rose-50 border-rose-200\"\u001b[39m\n              \u001b[36m>\u001b[39m\n                \u001b[36m<svg\u001b[39m\n                  \u001b[33maria-hidden\u001b[39m=\u001b[32m\"true\"\u001b[39m\n                  \u001b[33mclass\u001b[39m=\u001b[32m\"lucide lucide-trending-down w-4 h-4 text-rose-600\"\u001b[39m\n                  \u001b[33mfill\u001b[39m=\u001b[32m\"none\"\u001b[39m\n                  \u001b[33mheight\u001b[39m=\u001b[32m\"24\"\u001b[39m\n                  \u001b[33mstroke\u001b[39m=\u001b[32m\"currentColor\"\u001b[39m\n                  \u001b[33mstroke-linecap\u001b[39m=\u001b[32m\"round\"\u001b[39m\n                  \u001b[33mstroke-linejoin\u001b[39m=\u001b[32m\"round\"\u001b[39m\n                  \u001b[33mstroke-width\u001b[39m=\u001b[32m\"2\"\u001b[39m\n                  \u001b[33mviewBox\u001b[39m=\u001b[32m\"0 0 24 24\"\u001b[39m\n                  \u001b[33mwidth\u001b[39m=\u001b[32m\"24\"\u001b[39m\n                  \u001b[33mxmlns\u001b[39m=\u001b[32m\"http://www.w3.org/2000/svg\"\u001b[39m\n                \u001b[36m>\u001b[39m\n                  \u001b[36m<path\u001b[39m\n                    \u001b[33md\u001b[39m=\u001b[32m\"M16 17h6v-6\"\u001b[39m\n                  \u001b[36m/>\u001b[39m\n                  \u001b[36m<path\u001b[39m\n                    \u001b[33md\u001b[39m=\u001b[32m\"m22 17-8.5-8.5-5 5L2 7\"\u001b[39m\n                  \u001b[36m/>\u001b[39m\n                \u001b[36m</svg>\u001b[39m\n              \u001b[36m</div>\u001b[39m\n             ...\n    at Object.getElementError (D:\\project\\ET 3.0\\Expense-tracker-2\\node_modules\\@testing-library\\dom\\dist\\config.js:37:19)\n    at D:\\project\\ET 3.0\\Expense-tracker-2\\node_modules\\@testing-library\\dom\\dist\\query-helpers.js:76:38\n    at D:\\project\\ET 3.0\\Expense-tracker-2\\node_modules\\@testing-library\\dom\\dist\\query-helpers.js:52:17\n    at getByText (D:\\project\\ET 3.0\\Expense-tracker-2\\node_modules\\@testing-library\\dom\\dist\\query-helpers.js:95:19)\n    at Object.<anonymous> (D:\\project\\ET 3.0\\Expense-tracker-2\\src\\pages\\HistoryPage.test.js:115:19)\n    at Promise.then.completed (D:\\project\\ET 3.0\\Expense-tracker-2\\node_modules\\jest-circus\\build\\utils.js:391:28)\n    at new Promise (<anonymous>)\n    at callAsyncCircusFn (D:\\project\\ET 3.0\\Expense-tracker-2\\node_modules\\jest-circus\\build\\utils.js:316:10)\n    at _callCircusTest (D:\\project\\ET 3.0\\Expense-tracker-2\\node_modules\\jest-circus\\build\\run.js:218:40)\n    at _runTest (D:\\project\\ET 3.0\\Expense-tracker-2\\node_modules\\jest-circus\\build\\run.js:155:3)\n    at _runTestsForDescribeBlock (D:\\project\\ET 3.0\\Expense-tracker-2\\node_modules\\jest-circus\\build\\run.js:66:9)\n    at _runTestsForDescribeBlock (D:\\project\\ET 3.0\\Expense-tracker-2\\node_modules\\jest-circus\\build\\run.js:60:9)\n    at run (D:\\project\\ET 3.0\\Expense-tracker-2\\node_modules\\jest-circus\\build\\run.js:25:3)\n    at runAndTransformResultsToJestFormat (D:\\project\\ET 3.0\\Expense-tracker-2\\node_modules\\jest-circus\\build\\legacy-code-todo-rewrite\\jestAdapterInit.js:170:21)\n    at jestAdapter (D:\\project\\ET 3.0\\Expense-tracker-2\\node_modules\\jest-circus\\build\\legacy-code-todo-rewrite\\jestAdapter.js:82:19)\n    at runTestInternal (D:\\project\\ET 3.0\\Expense-tracker-2\\node_modules\\jest-runner\\build\\runTest.js:389:16)\n    at runTest (D:\\project\\ET 3.0\\Expense-tracker-2\\node_modules\\jest-runner\\build\\runTest.js:475:34)\n    at TestRunner.runTests (D:\\project\\ET 3.0\\Expense-tracker-2\\node_modules\\jest-runner\\build\\index.js:101:12)\n    at TestScheduler.scheduleTests (D:\\project\\ET 3.0\\Expense-tracker-2\\node_modules\\@jest\\core\\build\\TestScheduler.js:333:13)\n    at runJest (D:\\project\\ET 3.0\\Expense-tracker-2\\node_modules\\@jest\\core\\build\\runJest.js:404:19)\n    at _run10000 (D:\\project\\ET 3.0\\Expense-tracker-2\\node_modules\\@jest\\core\\build\\cli\\index.js:320:7)\n    at runCLI (D:\\project\\ET 3.0\\Expense-tracker-2\\node_modules\\@jest\\core\\build\\cli\\index.js:173:3)\n    at Object.run (D:\\project\\ET 3.0\\Expense-tracker-2\\node_modules\\jest-cli\\build\\cli\\index.js:155:37)"],"fullName":"HistoryPage — Type Filter \"All\" shows every transaction (default)","location":null,"status":"failed","title":"\"All\" shows every transaction (default)"},{"ancestorTitles":["HistoryPage — Type Filter"],"failureMessages":[],"fullName":"HistoryPage — Type Filter income filter hides expense rows","location":null,"status":"passed","title":"income filter hides expense rows"},{"ancestorTitles":["HistoryPage — Summary Totals"],"failureMessages":["TestingLibraryElementError: Unable to find an element with the text: /8,000/. This could be because the text is broken up by multiple elements. In this case, you can provide a function for your text matcher to make your matcher more flexible.\n\nIgnored nodes: comments, script, style\n\u001b[36m<body>\u001b[39m\n  \u001b[36m<div>\u001b[39m\n    \u001b[36m<div\u001b[39m\n      \u001b[33mclass\u001b[39m=\u001b[32m\"w-full relative animate-in fade-in pb-20 bg-slate-50 dark:bg-black\"\u001b[39m\n    \u001b[36m>\u001b[39m\n      \u001b[36m<div\u001b[39m\n        \u001b[33mclass\u001b[39m=\u001b[32m\"sticky top-0 z-[50] w-full pt-2 px-2 md:max-w-4xl lg:max-w-5xl md:mx-auto\"\u001b[39m\n      \u001b[36m>\u001b[39m\n        \u001b[36m<div\u001b[39m\n          \u001b[33mclass\u001b[39m=\u001b[32m\"relative overflow-hidden glass-premium rounded-2xl p-3 shadow-2xl transition-all duration-300\"\u001b[39m\n        \u001b[36m>\u001b[39m\n          \u001b[36m<div\u001b[39m\n            \u001b[33mclass\u001b[39m=\u001b[32m\"absolute -inset-1 bg-gradient-to-r from-emerald-500/20 to-rose-500/20 blur-xl opacity-50\"\u001b[39m\n          \u001b[36m/>\u001b[39m\n          \u001b[36m<div\u001b[39m\n            \u001b[33mclass\u001b[39m=\u001b[32m\"flex gap-2 items-center relative z-10\"\u001b[39m\n          \u001b[36m>\u001b[39m\n            \u001b[36m<div\u001b[39m\n              \u001b[33mclass\u001b[39m=\u001b[32m\"relative flex-1 glass-premium rounded-xl shadow-sm\"\u001b[39m\n            \u001b[36m>\u001b[39m\n              \u001b[36m<svg\u001b[39m\n                \u001b[33maria-hidden\u001b[39m=\u001b[32m\"true\"\u001b[39m\n                \u001b[33mclass\u001b[39m=\u001b[32m\"lucide lucide-search absolute left-3 top-1/2 -translate-y-1/2 w-4 h-4 text-slate-400\"\u001b[39m\n                \u001b[33mfill\u001b[39m=\u001b[32m\"none\"\u001b[39m\n                \u001b[33mheight\u001b[39m=\u001b[32m\"24\"\u001b[39m\n                \u001b[33mstroke\u001b[39m=\u001b[32m\"currentColor\"\u001b[39m\n                \u001b[33mstroke-linecap\u001b[39m=\u001b[32m\"round\"\u001b[39m\n                \u001b[33mstroke-linejoin\u001b[39m=\u001b[32m\"round\"\u001b[39m\n                \u001b[33mstroke-width\u001b[39m=\u001b[32m\"2\"\u001b[39m\n                \u001b[33mviewBox\u001b[39m=\u001b[32m\"0 0 24 24\"\u001b[39m\n                \u001b[33mwidth\u001b[39m=\u001b[32m\"24\"\u001b[39m\n                \u001b[33mxmlns\u001b[39m=\u001b[32m\"http://www.w3.org/2000/svg\"\u001b[39m\n              \u001b[36m>\u001b[39m\n                \u001b[36m<path\u001b[39m\n                  \u001b[33md\u001b[39m=\u001b[32m\"m21 21-4.34-4.34\"\u001b[39m\n                \u001b[36m/>\u001b[39m\n                \u001b[36m<circle\u001b[39m\n                  \u001b[33mcx\u001b[39m=\u001b[32m\"11\"\u001b[39m\n                  \u001b[33mcy\u001b[39m=\u001b[32m\"11\"\u001b[39m\n                  \u001b[33mr\u001b[39m=\u001b[32m\"8\"\u001b[39m\n                \u001b[36m/>\u001b[39m\n              \u001b[36m</svg>\u001b[39m\n              \u001b[36m<input\u001b[39m\n                \u001b[33mclass\u001b[39m=\u001b[32m\"w-full bg-transparent pl-9 pr-8 py-2.5 text-sm text-slate-900 dark:text-white focus:outline-none placeholder:text-slate-400 dark:placeholder:text-slate-500 rounded-xl\"\u001b[39m\n                \u001b[33mplaceholder\u001b[39m=\u001b[32m\"search\"\u001b[39m\n                \u001b[33mtype\u001b[39m=\u001b[32m\"text\"\u001b[39m\n                \u001b[33mvalue\u001b[39m=\u001b[32m\"\"\u001b[39m\n              \u001b[36m/>\u001b[39m\n            \u001b[36m</div>\u001b[39m\n            \u001b[36m<button\u001b[39m\n              \u001b[33mclass\u001b[39m=\u001b[32m\"p-2.5 rounded-xl glass-premium transition-colors shadow-sm text-slate-500 dark:text-slate-400\"\u001b[39m\n            \u001b[36m>\u001b[39m\n              \u001b[36m<svg\u001b[39m\n                \u001b[33maria-hidden\u001b[39m=\u001b[32m\"true\"\u001b[39m\n                \u001b[33mclass\u001b[39m=\u001b[32m\"lucide lucide-funnel w-5 h-5\"\u001b[39m\n                \u001b[33mfill\u001b[39m=\u001b[32m\"none\"\u001b[39m\n                \u001b[33mheight\u001b[39m=\u001b[32m\"24\"\u001b[39m\n                \u001b[33mstroke\u001b[39m=\u001b[32m\"currentColor\"\u001b[39m\n                \u001b[33mstroke-linecap\u001b[39m=\u001b[32m\"round\"\u001b[39m\n                \u001b[33mstroke-linejoin\u001b[39m=\u001b[32m\"round\"\u001b[39m\n                \u001b[33mstroke-width\u001b[39m=\u001b[32m\"2\"\u001b[39m\n                \u001b[33mviewBox\u001b[39m=\u001b[32m\"0 0 24 24\"\u001b[39m\n                \u001b[33mwidth\u001b[39m=\u001b[32m\"24\"\u001b[39m\n                \u001b[33mxmlns\u001b[39m=\u001b[32m\"http://www.w3.org/2000/svg\"\u001b[39m\n              \u001b[36m>\u001b[39m\n                \u001b[36m<path\u001b[39m\n                  \u001b[33md\u001b[39m=\u001b[32m\"M10 20a1 1 0 0 0 .553.895l2 1A1 1 0 0 0 14 21v-7a2 2 0 0 1 .517-1.341L21.74 4.67A1 1 0 0 0 21 3H3a1 1 0 0 0-.742 1.67l7.225 7.989A2 2 0 0 1 10 14z\"\u001b[39m\n                \u001b[36m/>\u001b[39m\n              \u001b[36m</svg>\u001b[39m\n            \u001b[36m</button>\u001b[39m\n          \u001b[36m</div>\u001b[39m\n          \u001b[36m<div\u001b[39m\n            \u001b[33mclass\u001b[39m=\u001b[32m\"flex items-center justify-between text-[10px] sm:text-xs text-slate-500 pt-2 mt-2 border-t border-white/10 w-full overflow-x-auto [&::-webkit-scrollbar]:hidden [-ms-overflow-style:none] [scrollbar-width:none]\"\u001b[39m\n          \u001b[36m>\u001b[39m\n            \u001b[36m<span\u001b[39m\n              \u001b[33mclass\u001b[39m=\u001b[32m\"whitespace-nowrap mr-3\"\u001b[39m\n            \u001b[36m>\u001b[39m\n              \u001b[0m3\u001b[0m\n              \u001b[0m entry\u001b[0m\n              \u001b[0ms\u001b[0m\n            \u001b[36m</span>\u001b[39m\n            \u001b[36m<div\u001b[39m\n              \u001b[33mclass\u001b[39m=\u001b[32m\"flex gap-2 sm:gap-3 whitespace-nowrap\"\u001b[39m\n            \u001b[36m>\u001b[39m\n              \u001b[36m<span\u001b[39m\n                \u001b[33mclass\u001b[39m=\u001b[32m\"text-emerald-600 font-semibold\"\u001b[39m\n              \u001b[36m>\u001b[39m\n                \u001b[0m+\u001b[0m\n                \u001b[0m₹3,000\u001b[0m\n              \u001b[36m</span>\u001b[39m\n              \u001b[36m<span\u001b[39m\n                \u001b[33mclass\u001b[39m=\u001b[32m\"text-rose-600 font-semibold\"\u001b[39m\n              \u001b[36m>\u001b[39m\n                \u001b[0m−\u001b[0m\n                \u001b[0m₹1,700\u001b[0m\n              \u001b[36m</span>\u001b[39m\n              \u001b[36m<span\u001b[39m\n                \u001b[33mclass\u001b[39m=\u001b[32m\"font-bold text-emerald-600\"\u001b[39m\n              \u001b[36m>\u001b[39m\n                \u001b[0mNet \u001b[0m\n                \u001b[0m₹1,300\u001b[0m\n              \u001b[36m</span>\u001b[39m\n            \u001b[36m</div>\u001b[39m\n          \u001b[36m</div>\u001b[39m\n        \u001b[36m</div>\u001b[39m\n      \u001b[36m</div>\u001b[39m\n      \u001b[36m<div\u001b[39m\n        \u001b[33mclass\u001b[39m=\u001b[32m\"w-full space-y-3 p-4 bg-slate-50 dark:bg-black\"\u001b[39m\n      \u001b[36m>\u001b[39m\n        \u001b[36m<div\u001b[39m\n          \u001b[33mclass\u001b[39m=\u001b[32m\"p-2 md:p-3 min-h-[40vh] mt-4\"\u001b[39m\n        \u001b[36m>\u001b[39m\n          \u001b[36m<div\u001b[39m\n            \u001b[33mclass\u001b[39m=\u001b[32m\"flex flex-col space-y-2 pb-16\"\u001b[39m\n          \u001b[36m>\u001b[39m\n            \u001b[36m<div\u001b[39m\n              \u001b[33mclass\u001b[39m=\u001b[32m\"p-4 premium-card border-l-4 rounded-xl flex items-center justify-between gap-3 transition-colors duration-300 hover:shadow-lg cursor-pointer active:scale-[0.98] border-l-rose-500 \"\u001b[39m\n            \u001b[36m>\u001b[39m\n              \u001b[36m<div\u001b[39m\n                \u001b[33mclass\u001b[39m=\u001b[32m\"w-9 h-9 rounded-full border flex-shrink-0 flex items-center justify-center transition-all bg-rose-50 border-rose-200\"\u001b[39m\n              \u001b[36m>\u001b[39m\n                \u001b[36m<svg\u001b[39m\n                  \u001b[33maria-hidden\u001b[39m=\u001b[32m\"true\"\u001b[39m\n                  \u001b[33mclass\u001b[39m=\u001b[32m\"lucide lucide-trending-down w-4 h-4 text-rose-600\"\u001b[39m\n                  \u001b[33mfill\u001b[39m=\u001b[32m\"none\"\u001b[39m\n                  \u001b[33mheight\u001b[39m=\u001b[32m\"24\"\u001b[39m\n                  \u001b[33mstroke\u001b[39m=\u001b[32m\"currentColor\"\u001b[39m\n                  \u001b[33mstroke-linecap\u001b[39m=\u001b[32m\"round\"\u001b[39m\n                  \u001b[33mstroke-linejoin\u001b[39m=\u001b[32m\"round\"\u001b[39m\n                  \u001b[33mstroke-width\u001b[39m=\u001b[32m\"2\"\u001b[39m\n                  \u001b[33mviewBox\u001b[39m=\u001b[32m\"0 0 24 24\"\u001b[39m\n                  \u001b[33mwidth\u001b[39m=\u001b[32m\"24\"\u001b[39m\n                  \u001b[33mxmlns\u001b[39m=\u001b[32m\"http://www.w3.org/2000/svg\"\u001b[39m\n                \u001b[36m>\u001b[39m\n                  \u001b[36m<path\u001b[39m\n                    \u001b[33md\u001b[39m=\u001b[32m\"M16 17h6v-6\"\u001b[39m\n                  \u001b[36m/>\u001b[39m\n                  \u001b[36m<path\u001b[39m\n                    \u001b[33md\u001b[39m=\u001b[32m\"m22 17-8.5-8.5-5 5L2 7\"\u001b[39m\n                  \u001b[36m/>\u001b[39m\n                \u001b[36m</svg>\u001b[39m\n              \u001b[36m</div>\u001b[39m\n             ...\n    at Object.getElementError (D:\\project\\ET 3.0\\Expense-tracker-2\\node_modules\\@testing-library\\dom\\dist\\config.js:37:19)\n    at D:\\project\\ET 3.0\\Expense-tracker-2\\node_modules\\@testing-library\\dom\\dist\\query-helpers.js:76:38\n    at getAllByText (D:\\project\\ET 3.0\\Expense-tracker-2\\node_modules\\@testing-library\\dom\\dist\\query-helpers.js:109:15)\n    at Object.<anonymous> (D:\\project\\ET 3.0\\Expense-tracker-2\\src\\pages\\HistoryPage.test.js:144:28)\n    at Promise.then.completed (D:\\project\\ET 3.0\\Expense-tracker-2\\node_modules\\jest-circus\\build\\utils.js:391:28)\n    at new Promise (<anonymous>)\n    at callAsyncCircusFn (D:\\project\\ET 3.0\\Expense-tracker-2\\node_modules\\jest-circus\\build\\utils.js:316:10)\n    at _callCircusTest (D:\\project\\ET 3.0\\Expense-tracker-2\\node_modules\\jest-circus\\build\\run.js:218:40)\n    at _runTest (D:\\project\\ET 3.0\\Expense-tracker-2\\node_modules\\jest-circus\\build\\run.js:155:3)\n    at _runTestsForDescribeBlock (D:\\project\\ET 3.0\\Expense-tracker-2\\node_modules\\jest-circus\\build\\run.js:66:9)\n    at _runTestsForDescribeBlock (D:\\project\\ET 3.0\\Expense-tracker-2\\node_modules\\jest-circus\\build\\run.js:60:9)\n    at run (D:\\project\\ET 3.0\\Expense-tracker-2\\node_modules\\jest-circus\\build\\run.js:25:3)\n    at runAndTransformResultsToJestFormat (D:\\project\\ET 3.0\\Expense-tracker-2\\node_modules\\jest-circus\\build\\legacy-code-todo-rewrite\\jestAdapterInit.js:170:21)\n    at jestAdapter (D:\\project\\ET 3.0\\Expense-tracker-2\\node_modules\\jest-circus\\build\\legacy-code-todo-rewrite\\jestAdapter.js:82:19)\n    at runTestInternal (D:\\project\\ET 3.0\\Expense-tracker-2\\node_modules\\jest-runner\\build\\runTest.js:389:16)\n    at runTest (D:\\project\\ET 3.0\\Expense-tracker-2\\node_modules\\jest-runner\\build\\runTest.js:475:34)\n    at TestRunner.runTests (D:\\project\\ET 3.0\\Expense-tracker-2\\node_modules\\jest-runner\\build\\index.js:101:12)\n    at TestScheduler.scheduleTests (D:\\project\\ET 3.0\\Expense-tracker-2\\node_modules\\@jest\\core\\build\\TestScheduler.js:333:13)\n    at runJest (D:\\project\\ET 3.0\\Expense-tracker-2\\node_modules\\@jest\\core\\build\\runJest.js:404:19)\n    at _run10000 (D:\\project\\ET 3.0\\Expense-tracker-2\\node_modules\\@jest\\core\\build\\cli\\index.js:320:7)\n    at runCLI (D:\\project\\ET 3.0\\Expense-tracker-2\\node_modules\\@jest\\core\\build\\cli\\index.js:173:3)\n    at Object.run (D:\\project\\ET 3.0\\Expense-tracker-2\\node_modules\\jest-cli\\build\\cli\\index.js:155:37)"],"fullName":"HistoryPage — Summary Totals displays correct total income in summary bar","location":null,"status":"failed","title":"displays correct total income in summary bar"},{"ancestorTitles":["HistoryPage — Summary Totals"],"failureMessages":[],"fullName":"HistoryPage — Summary Totals displays correct total expense in summary bar","location":null,"status":"passed","title":"displays correct total expense in summary bar"},{"ancestorTitles":["HistoryPage — Summary Totals"],"failureMessages":["TestingLibraryElementError: Unable to find an element with the text: /6,300/. This could be because the text is broken up by multiple elements. In this case, you can provide a function for your text matcher to make your matcher more flexible.\n\nIgnored nodes: comments, script, style\n\u001b[36m<body>\u001b[39m\n  \u001b[36m<div>\u001b[39m\n    \u001b[36m<div\u001b[39m\n      \u001b[33mclass\u001b[39m=\u001b[32m\"w-full relative animate-in fade-in pb-20 bg-slate-50 dark:bg-black\"\u001b[39m\n    \u001b[36m>\u001b[39m\n      \u001b[36m<div\u001b[39m\n        \u001b[33mclass\u001b[39m=\u001b[32m\"sticky top-0 z-[50] w-full pt-2 px-2 md:max-w-4xl lg:max-w-5xl md:mx-auto\"\u001b[39m\n      \u001b[36m>\u001b[39m\n        \u001b[36m<div\u001b[39m\n          \u001b[33mclass\u001b[39m=\u001b[32m\"relative overflow-hidden glass-premium rounded-2xl p-3 shadow-2xl transition-all duration-300\"\u001b[39m\n        \u001b[36m>\u001b[39m\n          \u001b[36m<div\u001b[39m\n            \u001b[33mclass\u001b[39m=\u001b[32m\"absolute -inset-1 bg-gradient-to-r from-emerald-500/20 to-rose-500/20 blur-xl opacity-50\"\u001b[39m\n          \u001b[36m/>\u001b[39m\n          \u001b[36m<div\u001b[39m\n            \u001b[33mclass\u001b[39m=\u001b[32m\"flex gap-2 items-center relative z-10\"\u001b[39m\n          \u001b[36m>\u001b[39m\n            \u001b[36m<div\u001b[39m\n              \u001b[33mclass\u001b[39m=\u001b[32m\"relative flex-1 glass-premium rounded-xl shadow-sm\"\u001b[39m\n            \u001b[36m>\u001b[39m\n              \u001b[36m<svg\u001b[39m\n                \u001b[33maria-hidden\u001b[39m=\u001b[32m\"true\"\u001b[39m\n                \u001b[33mclass\u001b[39m=\u001b[32m\"lucide lucide-search absolute left-3 top-1/2 -translate-y-1/2 w-4 h-4 text-slate-400\"\u001b[39m\n                \u001b[33mfill\u001b[39m=\u001b[32m\"none\"\u001b[39m\n                \u001b[33mheight\u001b[39m=\u001b[32m\"24\"\u001b[39m\n                \u001b[33mstroke\u001b[39m=\u001b[32m\"currentColor\"\u001b[39m\n                \u001b[33mstroke-linecap\u001b[39m=\u001b[32m\"round\"\u001b[39m\n                \u001b[33mstroke-linejoin\u001b[39m=\u001b[32m\"round\"\u001b[39m\n                \u001b[33mstroke-width\u001b[39m=\u001b[32m\"2\"\u001b[39m\n                \u001b[33mviewBox\u001b[39m=\u001b[32m\"0 0 24 24\"\u001b[39m\n                \u001b[33mwidth\u001b[39m=\u001b[32m\"24\"\u001b[39m\n                \u001b[33mxmlns\u001b[39m=\u001b[32m\"http://www.w3.org/2000/svg\"\u001b[39m\n              \u001b[36m>\u001b[39m\n                \u001b[36m<path\u001b[39m\n                  \u001b[33md\u001b[39m=\u001b[32m\"m21 21-4.34-4.34\"\u001b[39m\n                \u001b[36m/>\u001b[39m\n                \u001b[36m<circle\u001b[39m\n                  \u001b[33mcx\u001b[39m=\u001b[32m\"11\"\u001b[39m\n                  \u001b[33mcy\u001b[39m=\u001b[32m\"11\"\u001b[39m\n                  \u001b[33mr\u001b[39m=\u001b[32m\"8\"\u001b[39m\n                \u001b[36m/>\u001b[39m\n              \u001b[36m</svg>\u001b[39m\n              \u001b[36m<input\u001b[39m\n                \u001b[33mclass\u001b[39m=\u001b[32m\"w-full bg-transparent pl-9 pr-8 py-2.5 text-sm text-slate-900 dark:text-white focus:outline-none placeholder:text-slate-400 dark:placeholder:text-slate-500 rounded-x
[...]
ext-slate-500 dark:text-slate-400\"\u001b[39m\n                \u001b[36m>\u001b[39m\n                  \u001b[36m<svg\u001b[39m\n                    \u001b[33maria-hidden\u001b[39m=\u001b[32m\"true\"\u001b[39m\n                    \u001b[33mclass\u001b[39m=\u001b[32m\"lucide lucide-funnel w-5 h-5\"\u001b[39m\n                    \u001b[33mfill\u001b[39m=\u001b[32m\"none\"\u001b[39m\n                    \u001b[33mheight\u001b[39m=\u001b[32m\"24\"\u001b[39m\n                    \u001b[33mstroke\u001b[39m=\u001b[32m\"currentColor\"\u001b[39m\n                    \u001b[33mstroke-linecap\u001b[39m=\u001b[32m\"round\"\u001b[39m\n                    \u001b[33mstroke-linejoin\u001b[39m=\u001b[32m\"round\"\u001b[39m\n                    \u001b[33mstroke-width\u001b[39m=\u001b[32m\"2\"\u001b[39m\n                    \u001b[33mviewBox\u001b[39m=\u001b[32m\"0 0 24 24\"\u001b[39m\n                    \u001b[33mwidth\u001b[39m=\u001b[32m\"24\"\u001b[39m\n                    \u001b[33mxmlns\u001b[39m=\u001b[32m\"http://www.w3.org/2000/svg\"\u001b[39m\n                  \u001b[36m>\u001b[39m\n                    \u001b[36m<path\u001b[39m\n                      \u001b[33md\u001b[39m=\u001b[32m\"M10 20a1 1 0 0 0 .553.895l2 1A1 1 0 0 0 14 21v-7a2 2 0 0 1 .517-1.341L21.74 4.67A1 1 0 0 0 21 3H3a1 1 0 0 0-.742 1.67l7.225 7.989A2 2 0 0 1 10 14z\"\u001b[39m\n                    \u001b[36m/>\u001b[39m\n                  \u001b[36m</svg>\u001b[39m\n                \u001b[36m</button>\u001b[39m\n              \u001b[36m</div>\u001b[39m\n              \u001b[36m<div\u001b[39m\n                \u001b[33mclass\u001b[39m=\u001b[32m\"flex items-center justify-between text-[10px] sm:text-xs text-slate-500 pt-2 mt-2 border-t border-white/10 w-full overflow-x-auto [&::-webkit-scrollbar]:hidden [-ms-overflow-style:none] [scrollbar-width:none]\"\u001b[39m\n              \u001b[36m>\u001b[39m\n                \u001b[36m<span\u001b[39m\n                  \u001b[33mclass\u001b[39m=\u001b[32m\"whitespace-nowrap mr-3\"\u001b[39m\n                \u001b[36m>\u001b[39m\n                  \u001b[0m3\u001b[0m\n                  \u001b[0m entry\u001b[0m\n                  \u001b[0ms\u001b[0m\n                \u001b[36m</span>\u001b[39m\n                \u001b[36m<div\u001b[39m\n                  \u001b[33mclass\u001b[39m=\u001b[32m\"flex gap-2 sm:gap-3 whitespace-nowrap\"\u001b[39m\n                \u001b[36m>\u001b[39m\n                  \u001b[36m<span\u001b[39m\n                    \u001b[33mclass\u001b[39m=\u001b[32m\"text-emerald-600 font-semibold\"\u001b[39m\n                  \u001b[36m>\u001b[39m\n                    \u001b[0m+\u001b[0m\n                    \u001b[0m₹3,000\u001b[0m\n                  \u001b[36m</span>\u001b[39m\n                  \u001b[36m<span\u001b[39m\n                    \u001b[33mclass\u001b[39m=\u001b[32m\"text-rose-600 font-semibold\"\u001b[39m\n                  \u001b[36m>\u001b[39m\n                    \u001b[0m−\u001b[0m\n                    \u001b[0m₹1,700\u001b[0m\n                  \u001b[36m</span>\u001b[39m\n                  \u001b[36m<span\u001b[39m\n                    \u001b[33mclass\u001b[39m=\u001b[32m\"font-bold text-emerald-600\"\u001b[39m\n                  \u001b[36m>\u001b[39m\n                    \u001b[0mNet \u001b[0m\n                    \u001b[0m₹1,300\u001b[0m\n                  \u001b[36m</span>\u001b[39m\n                \u001b[36m</div>\u001b[39m\n              \u001b[36m</div>\u001b[39m\n            \u001b[36m</div>\u001b[39m\n          \u001b[36m</div>\u001b[39m\n          \u001b[36m<div\u001b[39m\n            \u001b[33mclass\u001b[39m=\u001b[32m\"w-full space-y-3 p-4 bg-slate-50 dark:bg-black\"\u001b[39m\n          \u001b[36m>\u001b[39m\n            \u001b[36m<div\u001b[39m\n              \u001b[33mclass\u001b[39m=\u001b[32m\"p-2 md:p-3 min-h-[40vh] mt-4\"\u001b[39m\n            \u001b[36m>\u001b[39m\n              \u001b[36m<div\u001b[39m\n                \u001b[33mclass\u001b[39m=\u001b[32m\"flex flex-col space-y-2 pb-16\"\u001b[39m\n              \u001b[36m>\u001b[39m\n                \u001b[36m<div\u001b[39m\n                  \u001b[33mclass\u001b[39m=\u001b[32m\"p-4 premium-card border-l-4 rounded-xl flex items-center justify-between gap-3 transition-colors duration-300 hover:shadow-lg cursor-pointer active:scale-[0.98] border-l-rose-500 \"\u001b[39m\n                \u001b[36m>\u001b[39m\n                  \u001b[36m<div\u001b[39m\n                    \u001b[33mclass\u001b[39m=\u001b[32m\"w-9 h-9 rounded-full border flex-shrink-0 flex items-center justify-center transition-all bg-rose-50 border-rose-200\"\u001b[39m\n                  \u001b[36m>\u001b[39m\n                    \u001b[36m<svg\u001b[39m\n                      \u001b[33maria-hidden\u001b[39m=\u001b[32m\"true\"\u001b[39m\n                      \u001b[33mclass\u001b[39m=\u001b[32m\"lucide lucide-trending-down w-4 h-4 text-rose-600\"\u001b[39m\n                      \u001b[33mfill\u001b[39m=\u001b[32m\"none\"\u001b[39m\n                      \u001b[33mheight\u001b[39m=\u001b[32m\"24\"\u001b[39m\n                      \u001b[33mstroke\u001b[39m=\u001b[32m\"currentColor\"\u001b[39m\n                      \u001b[33mstroke-linecap\u001b[39m=\u001b[32m\"round\"\u001b[39m\n                      \u001b[33mstroke-linejoin\u001b[39m=\u001b[32m\"round\"\u001b[39m\n                      \u001b[33mstroke-width\u001b[39m=\u001b[32m\"2\"\u001b[39m\n                      \u001b[33mviewBox\u001b[39m=\u001b[32m\"0 0 24 24\"\u001b[39m\n                      \u001b[33mwidth\u001b[39m=\u001b[32m\"24\"\u001b[39m\n                      \u001b[33mxmlns\u001b[39m=\u001b[32m\"http://www.w3.org/2000/svg\"\u001b[39m\n                    \u001b[36m>\u001b[39m\n                      \u001b[36m<path\u001b[39m\n                        \u001b[33md\u001b[39m=\u001b[32m\"M16 17h6v-6\"\u001b[39m\n                      \u001b[36m/>\u001b[39m\n                      \u001b[36m<path\u001b[39m\n                        \u001b[33md\u001b[39m=\u001b[32m\"m22 17-8.5-8.5-5 5L2 7\"\u001b[39m\n                      \u001b[36m/>\u001b[39m\n                    \u001b[36m</svg>\u001b[39m\n                  \u001b[36m</div>\u001b[39m\n                 ...\n\n    \u001b[0m \u001b[90m 195 |\u001b[39m     \u001b[90m// Rows are clickable divs; clicking one adds indigo background class\u001b[39m\n     \u001b[90m 196 |\u001b[39m     \u001b[90m// eslint-disable-next-line testing-library/no-node-access\u001b[39m\n    \u001b[31m\u001b[1m>\u001b[22m\u001b[39m\u001b[90m 197 |\u001b[39m     \u001b[36mconst\u001b[39m row \u001b[33m=\u001b[39m screen\u001b[33m.\u001b[39mgetByText(\u001b[32m'Morning sales'\u001b[39m)\u001b[33m.\u001b[39mclosest(\u001b[32m'[class*=\"cursor-pointer\"]'\u001b[39m)\n     \u001b[90m     |\u001b[39m                        \u001b[31m\u001b[1m^\u001b[22m\u001b[39m\n     \u001b[90m 198 |\u001b[39m       \u001b[90m// eslint-disable-next-line testing-library/no-node-access\u001b[39m\n     \u001b[90m 199 |\u001b[39m       \u001b[33m||\u001b[39m screen\u001b[33m.\u001b[39mgetByText(\u001b[32m'Morning sales'\u001b[39m)\u001b[33m.\u001b[39mclosest(\u001b[32m'div'\u001b[39m)\u001b[33m;\u001b[39m\n     \u001b[90m 200 |\u001b[39m     fireEvent\u001b[33m.\u001b[39mclick(row)\u001b[33m;\u001b[39m\u001b[0m\n\n      at Object.getElementError (node_modules/@testing-library/dom/dist/config.js:37:19)\n      at node_modules/@testing-library/dom/dist/query-helpers.js:76:38\n      at node_modules/@testing-library/dom/dist/query-helpers.js:52:17\n      at getByText (node_modules/@testing-library/dom/dist/query-helpers.js:95:19)\n      at Object.<anonymous> (src/pages/HistoryPage.test.js:197:24)\n      at TestScheduler.scheduleTests (node_modules/@jest/core/build/TestScheduler.js:333:13)\n      at runJest (node_modules/@jest/core/build/runJest.js:404:19)\n      at _run10000 (node_modules/@jest/core/build/cli/index.js:320:7)\n      at runCLI (node_modules/@jest/core/build/cli/index.js:173:3)\n\n  ● HistoryPage — Print › clicking PDF button triggers window.open\n\n    TestingLibraryElementError: Unable to find an element with the text: PDF. This could be because the text is broken up by multiple elements. In this case, you can provide a function for your text matcher to make your matcher more flexible.\n\n    Ignored nodes: comments, script, style\n    \u001b[36m<body>\u001b[39m\n      \u001b[36m<div>\u001b[39m\n        \u001b[36m<div\u001b[39m\n          \u001b[33mclass\u001b[39m=\u001b[32m\"w-full relative animate-in fade-in pb-20 bg-slate-50 dark:bg-black\"\u001b[39m\n        \u001b[36m>\u001b[39m\n          \u001b[36m<div\u001b[39m\n            \u001b[33mclass\u001b[39m=\u001b[32m\"sticky top-0 z-[50] w-full pt-2 px-2 md:max-w-4xl lg:max-w-5xl md:mx-auto\"\u001b[39m\n          \u001b[36m>\u001b[39m\n            \u001b[36m<div\u001b[39m\n              \u001b[33mclass\u001b[39m=\u001b[32m\"relative overflow-hidden glass-premium rounded-2xl p-3 shadow-2xl transition-all duration-300\"\u001b[39m\n            \u001b[36m>\u001b[39m\n              \u001b[36m<div\u001b[39m\n                \u001b[33mclass\u001b[39m=\u001b[32m\"absolute -inset-1 bg-gradient-to-r from-emerald-500/20 to-rose-500/20 blur-xl opacity-50\"\u001b[39m\n              \u001b[36m/>\u001b[39m\n              \u001b[36m<div\u001b[39m\n                \u001b[33mclass\u001b[39m=\u001b[32m\"flex gap-2 items-center relative z-10\"\u001b[39m\n              \u001b[36m>\u001b[39m\n                \u001b[36m<div\u001b[39m\n                  \u001b[33mclass\u001b[39m=\u001b[32m\"relative flex-1 glass-premium rounded-xl shadow-sm\"\u001b[39m\n                \u001b[36m>\u001b[39m\n                  \u001b[36m<svg\u001b[39m\n                    \u001b[33maria-hidden\u001b[39m=\u001b[32m\"true\"\u001b[39m\n                    \u001b[33mclass\u001b[39m=\u001b[32m\"lucide lucide-search absolute left-3 top-1/2 -translate-y-1/2 w-4 h-4 text-slate-400\"\u001b[39m\n                    \u001b[33mfill\u001b[39m=\u001b[32m\"none\"\u001b[39m\n                    \u001b[33mheight\u001b[39m=\u001b[32m\"24\"\u001b[39m\n                    \u001b[33mstroke\u001b[39m=\u001b[32m\"currentColor\"\u001b[39m\n                    \u001b[33mstroke-linecap\u001b[39m=\u001b[32m\"round\"\u001b[39m\n                    \u001b[33mstroke-linejoin\u001b[39m=\u001b[32m\"round\"\u001b[39m\n                    \u001b[33mstroke-width\u001b[39m=\u001b[32m\"2\"\u001b[39m\n                    \u001b[33mviewBox\u001b[39m=\u001b[32m\"0 0 24 24\"\u001b[39m\n                    \u001b[33mwidth\u001b[39m=\u001b[32m\"24\"\u001b[39m\n                    \u001b[33mxmlns\u001b[39m=\u001b[32m\"http://www.w3.org/2000/svg\"\u001b[39m\n                  \u001b[36m>\u001b[39m\n                    \u001b[36m<path\u001b[39m\n                      \u001b[33md\u001b[39m=\u001b[32m\"m21 21-4.34-4.34\"\u001b[39m\n                    \u001b[36m/>\u001b[39m\n                    \u001b[36m<circle\u001b[39m\n                      \u001b[33mcx\u001b[39m=\u001b[32m\"11\"\u001b[39m\n                      \u001b[33mcy\u001b[39m=\u001b[32m\"11\"\u001b[39m\n                      \u001b[33mr\u001b[39m=\u001b[32m\"8\"\u001b[39m\n                    \u001b[36m/>\u001b[39m\n                  \u001b[36m</svg>\u001b[39m\n                  \u001b[36m<input\u001b[39m\n                    \u001b[33mclass\u001b[39m=\u001b[32m\"w-full bg-transparent pl-9 pr-8 py-2.5 text-sm text-slate-900 dark:text-white focus:outline-none placeholder:text-slate-400 dark:placeholder:text-slate-500 rounded-xl\"\u001b[39m\n                    \u001b[33mplaceholder\u001b[39m=\u001b[32m\"search\"\u001b[39m\n                    \u001b[33mtype\u001b[39m=\u001b[32m\"text\"\u001b[39m\n                    \u001b[33mvalue\u001b[39m=\u001b[32m\"\"\u001b[39m\n                  \u001b[36m/>\u001b[39m\n                \u001b[36m</div>\u001b[39m\n                \u001b[36m<button\u001b[39m\n                  \u001b[33mclass\u001b[39m=\u001b[32m\"p-2.5 rounded-xl glass-premium transition-colors shadow-sm text-slate-500 dark:text-slate-400\"\u001b[39m\n                \u001b[36m>\u001b[39m\n                  \u001b[36m<svg\u001b[39m\n                    \u001b[33maria-hidden\u001b[39m=\u001b[32m\"true\"\u001b[39m\n                    \u001b[33mclass\u001b[39m=\u001b[32m\"lucide lucide-funnel w-5 h-5\"\u001b[39m\n                    \u001b[33mfill\u001b[39m=\u001b[32m\"none\"\u001b[39m\n                    \u001b[33mheight\u001b[39m=\u001b[32m\"24\"\u001b[39m\n                    \u001b[33mstroke\u001b[39m=\u001b[32m\"currentColor\"\u001b[39m\n                    \u001b[33mstroke-linecap\u001b[39m=\u001b[32m\"round\"\u001b[39m\n                    \u001b[33mstroke-linejoin\u001b[39m=\u001b[32m\"round\"\u001b[39m\n                    \u001b[33mstroke-width\u001b[39m=\u001b[32m\"2\"\u001b[39m\n                    \u001b[33mviewBox\u001b[39m=\u001b[32m\"0 0 24 24\"\u001b[39m\n                    \u001b[33mwidth\u001b[39m=\u001b[32m\"24\"\u001b[39m\n                    \u001b[33mxmlns\u001b[39m=\u001b[32m\"http://www.w3.org/2000/svg\"\u001b[39m\n                  \u001b[36m>\u001b[39m\n                    \u001b[36m<path\u001b[39m\n                      \u001b[33md\u001b[39m=\u001b[32m\"M10 20a1 1 0 0 0 .553.895l2 1A1 1 0 0 0 14 21v-7a2 2 0 0 1 .517-1.341L21.74 4.67A1 1 0 0 0 21 3H3a1 1 0 0 0-.742 1.67l7.225 7.989A2 2 0 0 1 10 14z\"\u001b[39m\n                    \u001b[36m/>\u001b[39m\n                  \u001b[36m</svg>\u001b[39m\n                \u001b[36m</button>\u001b[39m\n              \u001b[36m</div>\u001b[39m\n              \u001b[36m<div\u001b[39m\n                \u001b[33mclass\u001b[39m=\u001b[32m\"flex items-center justify-between text-[10px] sm:text-xs text-slate-500 pt-2 mt-2 border-t border-white/10 w-full overflow-x-auto [&::-webkit-scrollbar]:hidden [-ms-overflow-style:none] [scrollbar-width:none]\"\u001b[39m\n              \u001b[36m>\u001b[39m\n                \u001b[36m<span\u001b[39m\n                  \u001b[33mclass\u001b[39m=\u001b[32m\"whitespace-nowrap mr-3\"\u001b[39m\n                \u001b[36m>\u001b[39m\n                  \u001b[0m3\u001b[0m\n                  \u001b[0m entry\u001b[0m\n                  \u001b[0ms\u001b[0m\n                \u001b[36m</span>\u001b[39m\n                \u001b[36m<div\u001b[39m\n                  \u001b[33mclass\u001b[39m=\u001b[32m\"flex gap-2 sm:gap-3 whitespace-nowrap\"\u001b[39m\n                \u001b[36m>\u001b[39m\n                  \u001b[36m<span\u001b[39m\n                    \u001b[33mclass\u001b[39m=\u001b[32m\"text-emerald-600 font-semibold\"\u001b[39m\n                  \u001b[36m>\u001b[39m\n                    \u001b[0m+\u001b[0m\n                    \u001b[0m₹3,000\u001b[0m\n                  \u001b[36m</span>\u001b[39m\n                  \u001b[36m<span\u001b[39m\n                    \u001b[33mclass\u001b[39m=\u001b[32m\"text-rose-600 font-semibold\"\u001b[39m\n                  \u001b[36m>\u001b[39m\n                    \u001b[0m−\u001b[0m\n                    \u001b[0m₹1,700\u001b[0m\n                  \u001b[36m</span>\u001b[39m\n                  \u001b[36m<span\u001b[39m\n                    \u001b[33mclass\u001b[39m=\u001b[32m\"font-bold text-emerald-600\"\u001b[39m\n                  \u001b[36m>\u001b[39m\n                    \u001b[0mNet \u001b[0m\n                    \u001b[0m₹1,300\u001b[0m\n                  \u001b[36m</span>\u001b[39m\n                \u001b[36m</div>\u001b[39m\n              \u001b[36m</div>\u001b[39m\n            \u001b[36m</div>\u001b[39m\n          \u001b[36m</div>\u001b[39m\n          \u001b[36m<div\u001b[39m\n            \u001b[33mclass\u001b[39m=\u001b[32m\"w-full space-y-3 p-4 bg-slate-50 dark:bg-black\"\u001b[39m\n          \u001b[36m>\u001b[39m\n            \u001b[36m<div\u001b[39m\n              \u001b[33mclass\u001b[39m=\u001b[32m\"p-2 md:p-3 min-h-[40vh] mt-4\"\u001b[39m\n            \u001b[36m>\u001b[39m\n              \u001b[36m<div\u001b[39m\n                \u001b[33mclass\u001b[39m=\u001b[32m\"flex flex-col space-y-2 pb-16\"\u001b[39m\n              \u001b[36m>\u001b[39m\n                \u001b[36m<div\u001b[39m\n                  \u001b[33mclass\u001b[39m=\u001b[32m\"p-4 premium-card border-l-4 rounded-xl flex items-center justify-between gap-3 transition-colors duration-300 hover:shadow-lg cursor-pointer active:scale-[0.98] border-l-rose-500 \"\u001b[39m\n                \u001b[36m>\u001b[39m\n                  \u001b[36m<div\u001b[39m\n                    \u001b[33mclass\u001b[39m=\u001b[32m\"w-9 h-9 rounded-full border flex-shrink-0 flex items-center justify-center transition-all bg-rose-50 border-rose-200\"\u001b[39m\n                  \u001b[36m>\u001b[39m\n                    \u001b[36m<svg\u001b[39m\n                      \u001b[33maria-hidden\u001b[39m=\u001b[32m\"true\"\u001b[39m\n                      \u001b[33mclass\u001b[39m=\u001b[32m\"lucide lucide-trending-down w-4 h-4 text-rose-600\"\u001b[39m\n                      \u001b[33mfill\u001b[39m=\u001b[32m\"none\"\u001b[39m\n                      \u001b[33mheight\u001b[39m=\u001b[32m\"24\"\u001b[39m\n                      \u001b[33mstroke\u001b[39m=\u001b[32m\"currentColor\"\u001b[39m\n                      \u001b[33mstroke-linecap\u001b[39m=\u001b[32m\"round\"\u001b[39m\n                      \u001b[33mstroke-linejoin\u001b[39m=\u001b[32m\"round\"\u001b[39m\n                      \u001b[33mstroke-width\u001b[39m=\u001b[32m\"2\"\u001b[39m\n                      \u001b[33mviewBox\u001b[39m=\u001b[32m\"0 0 24 24\"\u001b[39m\n                      \u001b[33mwidth\u001b[39m=\u001b[32m\"24\"\u001b[39m\n                      \u001b[33mxmlns\u001b[39m=\u001b[32m\"http://www.w3.org/2000/svg\"\u001b[39m\n                    \u001b[36m>\u001b[39m\n                      \u001b[36m<path\u001b[39m\n                        \u001b[33md\u001b[39m=\u001b[32m\"M16 17h6v-6\"\u001b[39m\n                      \u001b[36m/>\u001b[39m\n                      \u001b[36m<path\u001b[39m\n                        \u001b[33md\u001b[39m=\u001b[32m\"m22 17-8.5-8.5-5 5L2 7\"\u001b[39m\n                      \u001b[36m/>\u001b[39m\n                    \u001b[36m</svg>\u001b[39m\n                  \u001b[36m</div>\u001b[39m\n                 ...\n\n    \u001b[0m \u001b[90m 237 |\u001b[39m   test(\u001b[32m'clicking PDF button triggers window.open'\u001b[39m\u001b[33m,\u001b[39m () \u001b[33m=>\u001b[39m {\n     \u001b[90m 238 |\u001b[39m     renderPage()\u001b[33m;\u001b[39m\n    \u001b[31m\u001b[1m>\u001b[22m\u001b[39m\u001b[90m 239 |\u001b[39m     \u001b[36mconst\u001b[39m pdfBtn \u001b[33m=\u001b[39m screen\u001b[33m.\u001b[39mgetByText(\u001b[32m'PDF'\u001b[39m)\u001b[33m;\u001b[39m\n     \u001b[90m     |\u001b[39m                           \u001b[31m\u001b[1m^\u001b[22m\u001b[39m\n     \u001b[90m 240 |\u001b[39m     fireEvent\u001b[33m.\u001b[39mclick(pdfBtn)\u001b[33m;\u001b[39m\n     \u001b[90m 241 |\u001b[39m     expect(window\u001b[33m.\u001b[39mopen)\u001b[33m.\u001b[39mtoHaveBeenCalledWith(\u001b[32m''\u001b[39m\u001b[33m,\u001b[39m \u001b[32m'_blank'\u001b[39m)\u001b[33m;\u001b[39m\n     \u001b[90m 242 |\u001b[39m   })\u001b[33m;\u001b[39m\u001b[0m\n\n      at Object.getElementError (node_modules/@testing-library/dom/dist/config.js:37:19)\n      at node_modules/@testing-library/dom/dist/query-helpers.js:76:38\n      at node_modules/@testing-library/dom/dist/query-helpers.js:52:17\n      at getByText (node_modules/@testing-library/dom/dist/query-helpers.js:95:19)\n      at Object.<anonymous> (src/pages/HistoryPage.test.js:239:27)\n      at TestScheduler.scheduleTests (node_modules/@jest/core/build/TestScheduler.js:333:13)\n      at runJest (node_modules/@jest/core/build/runJest.js:404:19)\n      at _run10000 (node_modules/@jest/core/build/cli/index.js:320:7)\n      at runCLI (node_modules/@jest/core/build/cli/index.js:173:3)\n","name":"D:\\project\\ET 3.0\\Expense-tracker-2\\src\\pages\\HistoryPage.test.js","startTime":1781765646101,"status":"failed","summary":""}],"wasInterrupted":false}